  Application.cpp
  Globals.cpp
  Main.cpp
  ModuleAudioMine.cpp
  ModuleAudioScore.cpp
  ModuleAudioSea.cpp
  ModuleAudioTitle.cpp
  ModuleBackgroundSea.cpp
  ModuleBackgroundMine.cpp
  ModuleFadeToBlack.cpp
  ModuleInput.cpp
  ModulePlayer.cpp
  ModuleRender.cpp
  ModuleScoreScreen.cpp
  ModuleTextures.cpp
  ModuleTitleScreen.cpp
  ModuleWindow.cpp
  Generando código
  122 of 125 functions (97.6%) were compiled, the rest were copied from previous compilation.
    0 functions were new in current compilation
    0 functions had inline decision re-evaluated but remain unchanged
  Generación de código finalizada
  SDL Game.vcxproj -> C:\Users\David\Desktop\Gunbird\0.2 (code)\Release\SDL4 Handout.exe
  SDL Game.vcxproj -> C:\Users\David\Desktop\Gunbird\0.2 (code)\Release\SDL4 Handout.pdb (Full PDB)
