  Application.cpp
c:\users\adrià gironès\desktop\0.47\Path.h(6): warning C4099: 'Animation': nombre de tipo visto anteriormente usando 'class' ahora se ve usando 'struct'
  c:\users\adrià gironès\desktop\0.47\Animation.h(47): note: vea la declaración de 'Animation'
c:\users\adrià gironès\desktop\0.47\Enemy.h(8): warning C4099: 'Path': nombre de tipo visto anteriormente usando 'class' ahora se ve usando 'struct'
  c:\users\adrià gironès\desktop\0.47\Path.h(17): note: vea la declaración de 'Path'
  Character.cpp
c:\users\adrià gironès\desktop\0.47\Path.h(6): warning C4099: 'Animation': nombre de tipo visto anteriormente usando 'class' ahora se ve usando 'struct'
  c:\users\adrià gironès\desktop\0.47\Animation.h(47): note: vea la declaración de 'Animation'
  Character_Ash.cpp
c:\users\adrià gironès\desktop\0.47\Path.h(6): warning C4099: 'Animation': nombre de tipo visto anteriormente usando 'class' ahora se ve usando 'struct'
  c:\users\adrià gironès\desktop\0.47\Animation.h(47): note: vea la declaración de 'Animation'
  Character_Marion.cpp
c:\users\adrià gironès\desktop\0.47\Path.h(6): warning C4099: 'Animation': nombre de tipo visto anteriormente usando 'class' ahora se ve usando 'struct'
  c:\users\adrià gironès\desktop\0.47\Animation.h(47): note: vea la declaración de 'Animation'
  Character_Tetsu.cpp
c:\users\adrià gironès\desktop\0.47\Path.h(6): warning C4099: 'Animation': nombre de tipo visto anteriormente usando 'class' ahora se ve usando 'struct'
  c:\users\adrià gironès\desktop\0.47\Animation.h(47): note: vea la declaración de 'Animation'
  Character_Valnus.cpp
c:\users\adrià gironès\desktop\0.47\Path.h(6): warning C4099: 'Animation': nombre de tipo visto anteriormente usando 'class' ahora se ve usando 'struct'
  c:\users\adrià gironès\desktop\0.47\Animation.h(47): note: vea la declaración de 'Animation'
  Character_YuanNang.cpp
c:\users\adrià gironès\desktop\0.47\Path.h(6): warning C4099: 'Animation': nombre de tipo visto anteriormente usando 'class' ahora se ve usando 'struct'
  c:\users\adrià gironès\desktop\0.47\Animation.h(47): note: vea la declaración de 'Animation'
  Enemy.cpp
c:\users\adrià gironès\desktop\0.47\Path.h(6): warning C4099: 'Animation': nombre de tipo visto anteriormente usando 'class' ahora se ve usando 'struct'
  c:\users\adrià gironès\desktop\0.47\Animation.h(47): note: vea la declaración de 'Animation'
c:\users\adrià gironès\desktop\0.47\Enemy.h(8): warning C4099: 'Path': nombre de tipo visto anteriormente usando 'class' ahora se ve usando 'struct'
  c:\users\adrià gironès\desktop\0.47\Path.h(17): note: vea la declaración de 'Path'
  Enemy_Balloon.cpp
c:\users\adrià gironès\desktop\0.47\Path.h(6): warning C4099: 'Animation': nombre de tipo visto anteriormente usando 'class' ahora se ve usando 'struct'
  c:\users\adrià gironès\desktop\0.47\Animation.h(47): note: vea la declaración de 'Animation'
c:\users\adrià gironès\desktop\0.47\Enemy.h(8): warning C4099: 'Path': nombre de tipo visto anteriormente usando 'class' ahora se ve usando 'struct'
  c:\users\adrià gironès\desktop\0.47\Path.h(17): note: vea la declaración de 'Path'
  Enemy_Turret.cpp
c:\users\adrià gironès\desktop\0.47\Path.h(6): warning C4099: 'Animation': nombre de tipo visto anteriormente usando 'class' ahora se ve usando 'struct'
  c:\users\adrià gironès\desktop\0.47\Animation.h(47): note: vea la declaración de 'Animation'
c:\users\adrià gironès\desktop\0.47\Enemy.h(8): warning C4099: 'Path': nombre de tipo visto anteriormente usando 'class' ahora se ve usando 'struct'
  c:\users\adrià gironès\desktop\0.47\Path.h(17): note: vea la declaración de 'Path'
  ModuleBackgroundCastle.cpp
c:\users\adrià gironès\desktop\0.47\Path.h(6): warning C4099: 'Animation': nombre de tipo visto anteriormente usando 'class' ahora se ve usando 'struct'
  c:\users\adrià gironès\desktop\0.47\Animation.h(47): note: vea la declaración de 'Animation'
c:\users\adrià gironès\desktop\0.47\Enemy.h(8): warning C4099: 'Path': nombre de tipo visto anteriormente usando 'class' ahora se ve usando 'struct'
  c:\users\adrià gironès\desktop\0.47\Path.h(17): note: vea la declaración de 'Path'
  ModuleBackgroundSea.cpp
c:\users\adrià gironès\desktop\0.47\Path.h(6): warning C4099: 'Animation': nombre de tipo visto anteriormente usando 'class' ahora se ve usando 'struct'
  c:\users\adrià gironès\desktop\0.47\Animation.h(47): note: vea la declaración de 'Animation'
c:\users\adrià gironès\desktop\0.47\Enemy.h(8): warning C4099: 'Path': nombre de tipo visto anteriormente usando 'class' ahora se ve usando 'struct'
  c:\users\adrià gironès\desktop\0.47\Path.h(17): note: vea la declaración de 'Path'
ModuleBackgroundSea.cpp(79): warning C4244: '+=': conversión de 'double' a 'int'; posible pérdida de datos
  ModuleEnemies.cpp
c:\users\adrià gironès\desktop\0.47\Path.h(6): warning C4099: 'Animation': nombre de tipo visto anteriormente usando 'class' ahora se ve usando 'struct'
  c:\users\adrià gironès\desktop\0.47\Animation.h(47): note: vea la declaración de 'Animation'
c:\users\adrià gironès\desktop\0.47\Enemy.h(8): warning C4099: 'Path': nombre de tipo visto anteriormente usando 'class' ahora se ve usando 'struct'
  c:\users\adrià gironès\desktop\0.47\Path.h(17): note: vea la declaración de 'Path'
  ModuleParticles.cpp
  ModulePlayer.cpp
c:\users\adrià gironès\desktop\0.47\Path.h(6): warning C4099: 'Animation': nombre de tipo visto anteriormente usando 'class' ahora se ve usando 'struct'
  c:\users\adrià gironès\desktop\0.47\Animation.h(47): note: vea la declaración de 'Animation'
  Generando código
  1 of 309 functions ( 0.3%) were compiled, the rest were copied from previous compilation.
    0 functions were new in current compilation
    0 functions had inline decision re-evaluated but remain unchanged
  Generación de código finalizada
  SDL Game.vcxproj -> C:\Users\Adrià Gironès\Desktop\0.47\Release\Gunbird.exe
  SDL Game.vcxproj -> C:\Users\Adrià Gironès\Desktop\0.47\Release\Gunbird.pdb (Full PDB)
