  Application.cpp
  Globals.cpp
  Main.cpp
  ModuleBackgroundMine.cpp
  ModuleBackgroundSea.cpp
  ModuleFadeToBlack.cpp
  ModuleInput.cpp
  ModuleParticles.cpp
  ModulePlayer.cpp
  ModulePlayer2.cpp
  ModuleRender.cpp
  ModuleScoreScreen.cpp
  ModuleTextures.cpp
  ModuleTitleScreen.cpp
ModuleTitleScreen.cpp(71): warning C4305: 'argumento': truncamiento de 'double' a 'float'
  ModuleWindow.cpp
  Generando código
  120 of 123 functions (97.6%) were compiled, the rest were copied from previous compilation.
    16 functions were new in current compilation
    0 functions had inline decision re-evaluated but remain unchanged
  Generación de código finalizada
  SDL Game.vcxproj -> C:\Users\David\Desktop\Gunbird\SDL_Gunbird_Versions\0.3 (code)\Release\Gunbird.exe
  SDL Game.vcxproj -> C:\Users\David\Desktop\Gunbird\SDL_Gunbird_Versions\0.3 (code)\Release\Gunbird.pdb (Full PDB)
