  Application.cpp
c:\users\adrià gironès\desktop\0.9.5\Path.h(6): warning C4099: 'Animation': nombre de tipo visto anteriormente usando 'class' ahora se ve usando 'struct'
  c:\users\adrià gironès\desktop\0.9.5\Animation.h(47): note: vea la declaración de 'Animation'
c:\users\adrià gironès\desktop\0.9.5\Enemy.h(8): warning C4099: 'Path': nombre de tipo visto anteriormente usando 'class' ahora se ve usando 'struct'
  c:\users\adrià gironès\desktop\0.9.5\Path.h(17): note: vea la declaración de 'Path'
  Character.cpp
c:\users\adrià gironès\desktop\0.9.5\Path.h(6): warning C4099: 'Animation': nombre de tipo visto anteriormente usando 'class' ahora se ve usando 'struct'
  c:\users\adrià gironès\desktop\0.9.5\Animation.h(47): note: vea la declaración de 'Animation'
  Character_Ash.cpp
c:\users\adrià gironès\desktop\0.9.5\Path.h(6): warning C4099: 'Animation': nombre de tipo visto anteriormente usando 'class' ahora se ve usando 'struct'
  c:\users\adrià gironès\desktop\0.9.5\Animation.h(47): note: vea la declaración de 'Animation'
  Character_Kyoko.cpp
c:\users\adrià gironès\desktop\0.9.5\Path.h(6): warning C4099: 'Animation': nombre de tipo visto anteriormente usando 'class' ahora se ve usando 'struct'
  c:\users\adrià gironès\desktop\0.9.5\Animation.h(47): note: vea la declaración de 'Animation'
  Character_Marion.cpp
c:\users\adrià gironès\desktop\0.9.5\Path.h(6): warning C4099: 'Animation': nombre de tipo visto anteriormente usando 'class' ahora se ve usando 'struct'
  c:\users\adrià gironès\desktop\0.9.5\Animation.h(47): note: vea la declaración de 'Animation'
  Character_Tetsu.cpp
c:\users\adrià gironès\desktop\0.9.5\Path.h(6): warning C4099: 'Animation': nombre de tipo visto anteriormente usando 'class' ahora se ve usando 'struct'
  c:\users\adrià gironès\desktop\0.9.5\Animation.h(47): note: vea la declaración de 'Animation'
  Character_Valnus.cpp
c:\users\adrià gironès\desktop\0.9.5\Path.h(6): warning C4099: 'Animation': nombre de tipo visto anteriormente usando 'class' ahora se ve usando 'struct'
  c:\users\adrià gironès\desktop\0.9.5\Animation.h(47): note: vea la declaración de 'Animation'
  Character_YuanNang.cpp
c:\users\adrià gironès\desktop\0.9.5\Path.h(6): warning C4099: 'Animation': nombre de tipo visto anteriormente usando 'class' ahora se ve usando 'struct'
  c:\users\adrià gironès\desktop\0.9.5\Animation.h(47): note: vea la declaración de 'Animation'
  Coin.cpp
c:\users\adrià gironès\desktop\0.9.5\Path.h(6): warning C4099: 'Animation': nombre de tipo visto anteriormente usando 'class' ahora se ve usando 'struct'
  c:\users\adrià gironès\desktop\0.9.5\Animation.h(47): note: vea la declaración de 'Animation'
c:\users\adrià gironès\desktop\0.9.5\Enemy.h(8): warning C4099: 'Path': nombre de tipo visto anteriormente usando 'class' ahora se ve usando 'struct'
  c:\users\adrià gironès\desktop\0.9.5\Path.h(17): note: vea la declaración de 'Path'
  Enemy.cpp
c:\users\adrià gironès\desktop\0.9.5\Path.h(6): warning C4099: 'Animation': nombre de tipo visto anteriormente usando 'class' ahora se ve usando 'struct'
  c:\users\adrià gironès\desktop\0.9.5\Animation.h(47): note: vea la declaración de 'Animation'
c:\users\adrià gironès\desktop\0.9.5\Enemy.h(8): warning C4099: 'Path': nombre de tipo visto anteriormente usando 'class' ahora se ve usando 'struct'
  c:\users\adrià gironès\desktop\0.9.5\Path.h(17): note: vea la declaración de 'Path'
  Enemy_Balloon.cpp
c:\users\adrià gironès\desktop\0.9.5\Path.h(6): warning C4099: 'Animation': nombre de tipo visto anteriormente usando 'class' ahora se ve usando 'struct'
  c:\users\adrià gironès\desktop\0.9.5\Animation.h(47): note: vea la declaración de 'Animation'
c:\users\adrià gironès\desktop\0.9.5\Enemy.h(8): warning C4099: 'Path': nombre de tipo visto anteriormente usando 'class' ahora se ve usando 'struct'
  c:\users\adrià gironès\desktop\0.9.5\Path.h(17): note: vea la declaración de 'Path'
  Enemy_Boss.cpp
c:\users\adrià gironès\desktop\0.9.5\Path.h(6): warning C4099: 'Animation': nombre de tipo visto anteriormente usando 'class' ahora se ve usando 'struct'
  c:\users\adrià gironès\desktop\0.9.5\Animation.h(47): note: vea la declaración de 'Animation'
c:\users\adrià gironès\desktop\0.9.5\Enemy.h(8): warning C4099: 'Path': nombre de tipo visto anteriormente usando 'class' ahora se ve usando 'struct'
  c:\users\adrià gironès\desktop\0.9.5\Path.h(17): note: vea la declaración de 'Path'
  Enemy_building.cpp
c:\users\adrià gironès\desktop\0.9.5\Path.h(6): warning C4099: 'Animation': nombre de tipo visto anteriormente usando 'class' ahora se ve usando 'struct'
  c:\users\adrià gironès\desktop\0.9.5\Animation.h(47): note: vea la declaración de 'Animation'
c:\users\adrià gironès\desktop\0.9.5\Enemy.h(8): warning C4099: 'Path': nombre de tipo visto anteriormente usando 'class' ahora se ve usando 'struct'
  c:\users\adrià gironès\desktop\0.9.5\Path.h(17): note: vea la declaración de 'Path'
  Enemy_building2.cpp
c:\users\adrià gironès\desktop\0.9.5\Path.h(6): warning C4099: 'Animation': nombre de tipo visto anteriormente usando 'class' ahora se ve usando 'struct'
  c:\users\adrià gironès\desktop\0.9.5\Animation.h(47): note: vea la declaración de 'Animation'
c:\users\adrià gironès\desktop\0.9.5\Enemy.h(8): warning C4099: 'Path': nombre de tipo visto anteriormente usando 'class' ahora se ve usando 'struct'
  c:\users\adrià gironès\desktop\0.9.5\Path.h(17): note: vea la declaración de 'Path'
  Enemy_Drone.cpp
c:\users\adrià gironès\desktop\0.9.5\Path.h(6): warning C4099: 'Animation': nombre de tipo visto anteriormente usando 'class' ahora se ve usando 'struct'
  c:\users\adrià gironès\desktop\0.9.5\Animation.h(47): note: vea la declaración de 'Animation'
c:\users\adrià gironès\desktop\0.9.5\Enemy.h(8): warning C4099: 'Path': nombre de tipo visto anteriormente usando 'class' ahora se ve usando 'struct'
  c:\users\adrià gironès\desktop\0.9.5\Path.h(17): note: vea la declaración de 'Path'
  Enemy_Missile.cpp
c:\users\adrià gironès\desktop\0.9.5\Path.h(6): warning C4099: 'Animation': nombre de tipo visto anteriormente usando 'class' ahora se ve usando 'struct'
  c:\users\adrià gironès\desktop\0.9.5\Animation.h(47): note: vea la declaración de 'Animation'
c:\users\adrià gironès\desktop\0.9.5\Enemy.h(8): warning C4099: 'Path': nombre de tipo visto anteriormente usando 'class' ahora se ve usando 'struct'
  c:\users\adrià gironès\desktop\0.9.5\Path.h(17): note: vea la declaración de 'Path'
  Enemy_Rcannon.cpp
c:\users\adrià gironès\desktop\0.9.5\Path.h(6): warning C4099: 'Animation': nombre de tipo visto anteriormente usando 'class' ahora se ve usando 'struct'
  c:\users\adrià gironès\desktop\0.9.5\Animation.h(47): note: vea la declaración de 'Animation'
c:\users\adrià gironès\desktop\0.9.5\Enemy.h(8): warning C4099: 'Path': nombre de tipo visto anteriormente usando 'class' ahora se ve usando 'struct'
  c:\users\adrià gironès\desktop\0.9.5\Path.h(17): note: vea la declaración de 'Path'
Enemy_Rcannon.cpp(69): warning C4244: 'inicializando': conversión de 'int' a 'float'; posible pérdida de datos
Enemy_Rcannon.cpp(70): warning C4244: 'inicializando': conversión de 'int' a 'float'; posible pérdida de datos
Enemy_Rcannon.cpp(75): warning C4244: '=': conversión de 'double' a 'float'; posible pérdida de datos
Enemy_Rcannon.cpp(76): warning C4305: '*=': truncamiento de 'double' a 'float'
Enemy_Rcannon.cpp(176): warning C4244: 'argumento': conversión de 'float' a 'int'; posible pérdida de datos
Enemy_Rcannon.cpp(181): warning C4244: 'argumento': conversión de 'float' a 'int'; posible pérdida de datos
Enemy_Rcannon.cpp(186): warning C4244: 'argumento': conversión de 'float' a 'int'; posible pérdida de datos
  Enemy_Robot.cpp
c:\users\adrià gironès\desktop\0.9.5\Path.h(6): warning C4099: 'Animation': nombre de tipo visto anteriormente usando 'class' ahora se ve usando 'struct'
  c:\users\adrià gironès\desktop\0.9.5\Animation.h(47): note: vea la declaración de 'Animation'
c:\users\adrià gironès\desktop\0.9.5\Enemy.h(8): warning C4099: 'Path': nombre de tipo visto anteriormente usando 'class' ahora se ve usando 'struct'
  c:\users\adrià gironès\desktop\0.9.5\Path.h(17): note: vea la declaración de 'Path'
  Enemy_Turret.cpp
c:\users\adrià gironès\desktop\0.9.5\Path.h(6): warning C4099: 'Animation': nombre de tipo visto anteriormente usando 'class' ahora se ve usando 'struct'
  c:\users\adrià gironès\desktop\0.9.5\Animation.h(47): note: vea la declaración de 'Animation'
c:\users\adrià gironès\desktop\0.9.5\Enemy.h(8): warning C4099: 'Path': nombre de tipo visto anteriormente usando 'class' ahora se ve usando 'struct'
  c:\users\adrià gironès\desktop\0.9.5\Path.h(17): note: vea la declaración de 'Path'
Enemy_Turret.cpp(61): warning C4244: 'argumento': conversión de 'double' a 'int'; posible pérdida de datos
Enemy_Turret.cpp(62): warning C4244: 'argumento': conversión de 'double' a 'int'; posible pérdida de datos
Enemy_Turret.cpp(77): warning C4244: 'argumento': conversión de 'double' a 'int'; posible pérdida de datos
Enemy_Turret.cpp(78): warning C4244: 'argumento': conversión de 'double' a 'int'; posible pérdida de datos
Enemy_Turret.cpp(79): warning C4244: 'argumento': conversión de 'double' a 'int'; posible pérdida de datos
Enemy_Turret.cpp(80): warning C4244: 'argumento': conversión de 'double' a 'int'; posible pérdida de datos
  Enemy_turret2.cpp
c:\users\adrià gironès\desktop\0.9.5\Path.h(6): warning C4099: 'Animation': nombre de tipo visto anteriormente usando 'class' ahora se ve usando 'struct'
  c:\users\adrià gironès\desktop\0.9.5\Animation.h(47): note: vea la declaración de 'Animation'
c:\users\adrià gironès\desktop\0.9.5\Enemy.h(8): warning C4099: 'Path': nombre de tipo visto anteriormente usando 'class' ahora se ve usando 'struct'
  c:\users\adrià gironès\desktop\0.9.5\Path.h(17): note: vea la declaración de 'Path'
Enemy_turret2.cpp(287): warning C4244: 'inicializando': conversión de 'int' a 'float'; posible pérdida de datos
Enemy_turret2.cpp(288): warning C4244: 'inicializando': conversión de 'int' a 'float'; posible pérdida de datos
Enemy_turret2.cpp(295): warning C4244: '=': conversión de 'double' a 'float'; posible pérdida de datos
Enemy_turret2.cpp(296): warning C4305: '*=': truncamiento de 'double' a 'float'
Enemy_turret2.cpp(393): warning C4244: 'argumento': conversión de 'float' a 'int'; posible pérdida de datos
Enemy_turret2.cpp(398): warning C4244: 'argumento': conversión de 'float' a 'int'; posible pérdida de datos
Enemy_turret2.cpp(403): warning C4244: 'argumento': conversión de 'float' a 'int'; posible pérdida de datos
  Compilando...
  Enemy_Turret3.cpp
c:\users\adrià gironès\desktop\0.9.5\Path.h(6): warning C4099: 'Animation': nombre de tipo visto anteriormente usando 'class' ahora se ve usando 'struct'
  c:\users\adrià gironès\desktop\0.9.5\Animation.h(47): note: vea la declaración de 'Animation'
c:\users\adrià gironès\desktop\0.9.5\Enemy.h(8): warning C4099: 'Path': nombre de tipo visto anteriormente usando 'class' ahora se ve usando 'struct'
  c:\users\adrià gironès\desktop\0.9.5\Path.h(17): note: vea la declaración de 'Path'
Enemy_Turret3.cpp(103): warning C4244: 'inicializando': conversión de 'int' a 'float'; posible pérdida de datos
Enemy_Turret3.cpp(104): warning C4244: 'inicializando': conversión de 'int' a 'float'; posible pérdida de datos
Enemy_Turret3.cpp(109): warning C4244: '=': conversión de 'double' a 'float'; posible pérdida de datos
Enemy_Turret3.cpp(110): warning C4305: '*=': truncamiento de 'double' a 'float'
Enemy_Turret3.cpp(209): warning C4244: 'argumento': conversión de 'float' a 'int'; posible pérdida de datos
Enemy_Turret3.cpp(214): warning C4244: 'argumento': conversión de 'float' a 'int'; posible pérdida de datos
Enemy_Turret3.cpp(219): warning C4244: 'argumento': conversión de 'float' a 'int'; posible pérdida de datos
  Enemy_vase.cpp
c:\users\adrià gironès\desktop\0.9.5\Path.h(6): warning C4099: 'Animation': nombre de tipo visto anteriormente usando 'class' ahora se ve usando 'struct'
  c:\users\adrià gironès\desktop\0.9.5\Animation.h(47): note: vea la declaración de 'Animation'
c:\users\adrià gironès\desktop\0.9.5\Enemy.h(8): warning C4099: 'Path': nombre de tipo visto anteriormente usando 'class' ahora se ve usando 'struct'
  c:\users\adrià gironès\desktop\0.9.5\Path.h(17): note: vea la declaración de 'Path'
  Globals.cpp
  Main.cpp
  ModuleAudio.cpp
  ModuleBackgroundCastle.cpp
c:\users\adrià gironès\desktop\0.9.5\Path.h(6): warning C4099: 'Animation': nombre de tipo visto anteriormente usando 'class' ahora se ve usando 'struct'
  c:\users\adrià gironès\desktop\0.9.5\Animation.h(47): note: vea la declaración de 'Animation'
c:\users\adrià gironès\desktop\0.9.5\Enemy.h(8): warning C4099: 'Path': nombre de tipo visto anteriormente usando 'class' ahora se ve usando 'struct'
  c:\users\adrià gironès\desktop\0.9.5\Path.h(17): note: vea la declaración de 'Path'
ModuleBackgroundCastle.cpp(410): warning C4244: 'argumento': conversión de 'float' a 'int'; posible pérdida de datos
ModuleBackgroundCastle.cpp(413): warning C4244: 'argumento': conversión de 'float' a 'int'; posible pérdida de datos
ModuleBackgroundCastle.cpp(418): warning C4244: 'argumento': conversión de 'float' a 'int'; posible pérdida de datos
ModuleBackgroundCastle.cpp(421): warning C4244: 'argumento': conversión de 'float' a 'int'; posible pérdida de datos
ModuleBackgroundCastle.cpp(425): warning C4244: 'argumento': conversión de 'float' a 'int'; posible pérdida de datos
ModuleBackgroundCastle.cpp(428): warning C4244: 'argumento': conversión de 'float' a 'int'; posible pérdida de datos
ModuleBackgroundCastle.cpp(451): warning C4244: '=': conversión de 'int' a 'float'; posible pérdida de datos
ModuleBackgroundCastle.cpp(452): warning C4244: '=': conversión de 'int' a 'float'; posible pérdida de datos
ModuleBackgroundCastle.cpp(453): warning C4244: '=': conversión de 'double' a 'float'; posible pérdida de datos
  ModuleBackgroundMine.cpp
c:\users\adrià gironès\desktop\0.9.5\Path.h(6): warning C4099: 'Animation': nombre de tipo visto anteriormente usando 'class' ahora se ve usando 'struct'
  c:\users\adrià gironès\desktop\0.9.5\Animation.h(47): note: vea la declaración de 'Animation'
ModuleBackgroundMine.cpp(85): warning C4244: '+=': conversión de 'double' a 'int'; posible pérdida de datos
  ModuleBackgroundSea.cpp
c:\users\adrià gironès\desktop\0.9.5\Path.h(6): warning C4099: 'Animation': nombre de tipo visto anteriormente usando 'class' ahora se ve usando 'struct'
  c:\users\adrià gironès\desktop\0.9.5\Animation.h(47): note: vea la declaración de 'Animation'
c:\users\adrià gironès\desktop\0.9.5\Enemy.h(8): warning C4099: 'Path': nombre de tipo visto anteriormente usando 'class' ahora se ve usando 'struct'
  c:\users\adrià gironès\desktop\0.9.5\Path.h(17): note: vea la declaración de 'Path'
ModuleBackgroundSea.cpp(79): warning C4244: '+=': conversión de 'double' a 'int'; posible pérdida de datos
  ModuleCharacterSelection.cpp
c:\users\adrià gironès\desktop\0.9.5\Path.h(6): warning C4099: 'Animation': nombre de tipo visto anteriormente usando 'class' ahora se ve usando 'struct'
  c:\users\adrià gironès\desktop\0.9.5\Animation.h(47): note: vea la declaración de 'Animation'
c:\users\adrià gironès\desktop\0.9.5\Enemy.h(8): warning C4099: 'Path': nombre de tipo visto anteriormente usando 'class' ahora se ve usando 'struct'
  c:\users\adrià gironès\desktop\0.9.5\Path.h(17): note: vea la declaración de 'Path'
ModuleCharacterSelection.cpp(414): warning C4553: '==': el operador no tiene efecto; ¿ha pensado en '='?
ModuleCharacterSelection.cpp(432): warning C4553: '==': el operador no tiene efecto; ¿ha pensado en '='?
ModuleCharacterSelection.cpp(465): warning C4553: '==': el operador no tiene efecto; ¿ha pensado en '='?
ModuleCharacterSelection.cpp(483): warning C4553: '==': el operador no tiene efecto; ¿ha pensado en '='?
ModuleCharacterSelection.cpp(516): warning C4305: 'argumento': truncamiento de 'double' a 'float'
ModuleCharacterSelection.cpp(547): warning C4305: 'argumento': truncamiento de 'double' a 'float'
ModuleCharacterSelection.cpp(550): warning C4305: 'argumento': truncamiento de 'double' a 'float'
  ModuleCollision.cpp
  ModuleEndScene.cpp
c:\users\adrià gironès\desktop\0.9.5\Path.h(6): warning C4099: 'Animation': nombre de tipo visto anteriormente usando 'class' ahora se ve usando 'struct'
  c:\users\adrià gironès\desktop\0.9.5\Animation.h(47): note: vea la declaración de 'Animation'
  ModuleEnemies.cpp
c:\users\adrià gironès\desktop\0.9.5\Path.h(6): warning C4099: 'Animation': nombre de tipo visto anteriormente usando 'class' ahora se ve usando 'struct'
  c:\users\adrià gironès\desktop\0.9.5\Animation.h(47): note: vea la declaración de 'Animation'
c:\users\adrià gironès\desktop\0.9.5\Enemy.h(8): warning C4099: 'Path': nombre de tipo visto anteriormente usando 'class' ahora se ve usando 'struct'
  c:\users\adrià gironès\desktop\0.9.5\Path.h(17): note: vea la declaración de 'Path'
  ModuleFadeToBlack.cpp
  ModuleFonts.cpp
ModuleFonts.cpp(54): warning C4018: '<': no coinciden signed/unsigned
ModuleFonts.cpp(110): warning C4018: '<': no coinciden signed/unsigned
  ModuleInput.cpp
  ModuleParticles.cpp
  ModulePlayer.cpp
c:\users\adrià gironès\desktop\0.9.5\Path.h(6): warning C4099: 'Animation': nombre de tipo visto anteriormente usando 'class' ahora se ve usando 'struct'
  c:\users\adrià gironès\desktop\0.9.5\Animation.h(47): note: vea la declaración de 'Animation'
c:\users\adrià gironès\desktop\0.9.5\Enemy.h(8): warning C4099: 'Path': nombre de tipo visto anteriormente usando 'class' ahora se ve usando 'struct'
  c:\users\adrià gironès\desktop\0.9.5\Path.h(17): note: vea la declaración de 'Path'
  ModuleRender.cpp
c:\users\adrià gironès\desktop\0.9.5\Path.h(6): warning C4099: 'Animation': nombre de tipo visto anteriormente usando 'class' ahora se ve usando 'struct'
  c:\users\adrià gironès\desktop\0.9.5\Animation.h(47): note: vea la declaración de 'Animation'
  ModuleSaveScore.cpp
c:\users\adrià gironès\desktop\0.9.5\Path.h(6): warning C4099: 'Animation': nombre de tipo visto anteriormente usando 'class' ahora se ve usando 'struct'
  c:\users\adrià gironès\desktop\0.9.5\Animation.h(47): note: vea la declaración de 'Animation'
  ModuleScoreScreen.cpp
c:\users\adrià gironès\desktop\0.9.5\Path.h(6): warning C4099: 'Animation': nombre de tipo visto anteriormente usando 'class' ahora se ve usando 'struct'
  c:\users\adrià gironès\desktop\0.9.5\Animation.h(47): note: vea la declaración de 'Animation'
  Compilando...
  ModuleTextures.cpp
  ModuleTitleScreen.cpp
c:\users\adrià gironès\desktop\0.9.5\Path.h(6): warning C4099: 'Animation': nombre de tipo visto anteriormente usando 'class' ahora se ve usando 'struct'
  c:\users\adrià gironès\desktop\0.9.5\Animation.h(47): note: vea la declaración de 'Animation'
ModuleTitleScreen.cpp(75): warning C4305: 'argumento': truncamiento de 'double' a 'float'
  ModuleUI.cpp
c:\users\adrià gironès\desktop\0.9.5\Path.h(6): warning C4099: 'Animation': nombre de tipo visto anteriormente usando 'class' ahora se ve usando 'struct'
  c:\users\adrià gironès\desktop\0.9.5\Animation.h(47): note: vea la declaración de 'Animation'
c:\users\adrià gironès\desktop\0.9.5\Enemy.h(8): warning C4099: 'Path': nombre de tipo visto anteriormente usando 'class' ahora se ve usando 'struct'
  c:\users\adrià gironès\desktop\0.9.5\Path.h(17): note: vea la declaración de 'Path'
ModuleUI.cpp(182): warning C4553: '==': el operador no tiene efecto; ¿ha pensado en '='?
  ModuleWindow.cpp
  PowerUp.cpp
c:\users\adrià gironès\desktop\0.9.5\Path.h(6): warning C4099: 'Animation': nombre de tipo visto anteriormente usando 'class' ahora se ve usando 'struct'
  c:\users\adrià gironès\desktop\0.9.5\Animation.h(47): note: vea la declaración de 'Animation'
c:\users\adrià gironès\desktop\0.9.5\Enemy.h(8): warning C4099: 'Path': nombre de tipo visto anteriormente usando 'class' ahora se ve usando 'struct'
  c:\users\adrià gironès\desktop\0.9.5\Path.h(17): note: vea la declaración de 'Path'
  Generando código
  384 of 387 functions (99.2%) were compiled, the rest were copied from previous compilation.
    23 functions were new in current compilation
    0 functions had inline decision re-evaluated but remain unchanged
  Generación de código finalizada
  SDL Game.vcxproj -> C:\Users\Adrià Gironès\Desktop\0.9.5\Release\Gunbird.exe
  SDL Game.vcxproj -> C:\Users\Adrià Gironès\Desktop\0.9.5\Release\Gunbird.pdb (Full PDB)
