  PowerUp.cpp
d:\github\gunbird\sdl_gunbird_versions\0.9 (final turrets destroyed)\path.h(6): warning C4099: 'Animation': nombre de tipo visto anteriormente usando 'class' ahora se ve usando 'struct'
  d:\github\gunbird\sdl_gunbird_versions\0.9 (final turrets destroyed)\animation.h(47): note: vea la declaración de 'Animation'
d:\github\gunbird\sdl_gunbird_versions\0.9 (final turrets destroyed)\enemy.h(8): warning C4099: 'Path': nombre de tipo visto anteriormente usando 'class' ahora se ve usando 'struct'
  d:\github\gunbird\sdl_gunbird_versions\0.9 (final turrets destroyed)\path.h(17): note: vea la declaración de 'Path'
  ModuleWindow.cpp
  ModuleUI.cpp
d:\github\gunbird\sdl_gunbird_versions\0.9 (final turrets destroyed)\path.h(6): warning C4099: 'Animation': nombre de tipo visto anteriormente usando 'class' ahora se ve usando 'struct'
  d:\github\gunbird\sdl_gunbird_versions\0.9 (final turrets destroyed)\animation.h(47): note: vea la declaración de 'Animation'
d:\github\gunbird\sdl_gunbird_versions\0.9 (final turrets destroyed)\enemy.h(8): warning C4099: 'Path': nombre de tipo visto anteriormente usando 'class' ahora se ve usando 'struct'
  d:\github\gunbird\sdl_gunbird_versions\0.9 (final turrets destroyed)\path.h(17): note: vea la declaración de 'Path'
d:\github\gunbird\sdl_gunbird_versions\0.9 (final turrets destroyed)\moduleui.cpp(182): warning C4553: '==': el operador no tiene efecto; ¿ha pensado en '='?
  ModuleTitleScreen.cpp
d:\github\gunbird\sdl_gunbird_versions\0.9 (final turrets destroyed)\path.h(6): warning C4099: 'Animation': nombre de tipo visto anteriormente usando 'class' ahora se ve usando 'struct'
  d:\github\gunbird\sdl_gunbird_versions\0.9 (final turrets destroyed)\animation.h(47): note: vea la declaración de 'Animation'
d:\github\gunbird\sdl_gunbird_versions\0.9 (final turrets destroyed)\moduletitlescreen.cpp(75): warning C4305: 'argumento': truncamiento de 'double' a 'float'
  ModuleTextures.cpp
  ModuleScoreScreen.cpp
d:\github\gunbird\sdl_gunbird_versions\0.9 (final turrets destroyed)\path.h(6): warning C4099: 'Animation': nombre de tipo visto anteriormente usando 'class' ahora se ve usando 'struct'
  d:\github\gunbird\sdl_gunbird_versions\0.9 (final turrets destroyed)\animation.h(47): note: vea la declaración de 'Animation'
  ModuleSaveScore.cpp
d:\github\gunbird\sdl_gunbird_versions\0.9 (final turrets destroyed)\path.h(6): warning C4099: 'Animation': nombre de tipo visto anteriormente usando 'class' ahora se ve usando 'struct'
  d:\github\gunbird\sdl_gunbird_versions\0.9 (final turrets destroyed)\animation.h(47): note: vea la declaración de 'Animation'
  ModuleRender.cpp
d:\github\gunbird\sdl_gunbird_versions\0.9 (final turrets destroyed)\path.h(6): warning C4099: 'Animation': nombre de tipo visto anteriormente usando 'class' ahora se ve usando 'struct'
  d:\github\gunbird\sdl_gunbird_versions\0.9 (final turrets destroyed)\animation.h(47): note: vea la declaración de 'Animation'
  ModulePlayer.cpp
d:\github\gunbird\sdl_gunbird_versions\0.9 (final turrets destroyed)\path.h(6): warning C4099: 'Animation': nombre de tipo visto anteriormente usando 'class' ahora se ve usando 'struct'
  d:\github\gunbird\sdl_gunbird_versions\0.9 (final turrets destroyed)\animation.h(47): note: vea la declaración de 'Animation'
d:\github\gunbird\sdl_gunbird_versions\0.9 (final turrets destroyed)\enemy.h(8): warning C4099: 'Path': nombre de tipo visto anteriormente usando 'class' ahora se ve usando 'struct'
  d:\github\gunbird\sdl_gunbird_versions\0.9 (final turrets destroyed)\path.h(17): note: vea la declaración de 'Path'
  ModuleParticles.cpp
  ModuleInput.cpp
  ModuleFonts.cpp
d:\github\gunbird\sdl_gunbird_versions\0.9 (final turrets destroyed)\modulefonts.cpp(54): warning C4018: '<': no coinciden signed/unsigned
d:\github\gunbird\sdl_gunbird_versions\0.9 (final turrets destroyed)\modulefonts.cpp(110): warning C4018: '<': no coinciden signed/unsigned
  ModuleFadeToBlack.cpp
  ModuleEnemies.cpp
d:\github\gunbird\sdl_gunbird_versions\0.9 (final turrets destroyed)\path.h(6): warning C4099: 'Animation': nombre de tipo visto anteriormente usando 'class' ahora se ve usando 'struct'
  d:\github\gunbird\sdl_gunbird_versions\0.9 (final turrets destroyed)\animation.h(47): note: vea la declaración de 'Animation'
d:\github\gunbird\sdl_gunbird_versions\0.9 (final turrets destroyed)\enemy.h(8): warning C4099: 'Path': nombre de tipo visto anteriormente usando 'class' ahora se ve usando 'struct'
  d:\github\gunbird\sdl_gunbird_versions\0.9 (final turrets destroyed)\path.h(17): note: vea la declaración de 'Path'
  ModuleEndScene.cpp
d:\github\gunbird\sdl_gunbird_versions\0.9 (final turrets destroyed)\path.h(6): warning C4099: 'Animation': nombre de tipo visto anteriormente usando 'class' ahora se ve usando 'struct'
  d:\github\gunbird\sdl_gunbird_versions\0.9 (final turrets destroyed)\animation.h(47): note: vea la declaración de 'Animation'
  ModuleCollision.cpp
  ModuleCharacterSelection.cpp
d:\github\gunbird\sdl_gunbird_versions\0.9 (final turrets destroyed)\path.h(6): warning C4099: 'Animation': nombre de tipo visto anteriormente usando 'class' ahora se ve usando 'struct'
  d:\github\gunbird\sdl_gunbird_versions\0.9 (final turrets destroyed)\animation.h(47): note: vea la declaración de 'Animation'
d:\github\gunbird\sdl_gunbird_versions\0.9 (final turrets destroyed)\enemy.h(8): warning C4099: 'Path': nombre de tipo visto anteriormente usando 'class' ahora se ve usando 'struct'
  d:\github\gunbird\sdl_gunbird_versions\0.9 (final turrets destroyed)\path.h(17): note: vea la declaración de 'Path'
d:\github\gunbird\sdl_gunbird_versions\0.9 (final turrets destroyed)\modulecharacterselection.cpp(414): warning C4553: '==': el operador no tiene efecto; ¿ha pensado en '='?
d:\github\gunbird\sdl_gunbird_versions\0.9 (final turrets destroyed)\modulecharacterselection.cpp(432): warning C4553: '==': el operador no tiene efecto; ¿ha pensado en '='?
d:\github\gunbird\sdl_gunbird_versions\0.9 (final turrets destroyed)\modulecharacterselection.cpp(465): warning C4553: '==': el operador no tiene efecto; ¿ha pensado en '='?
d:\github\gunbird\sdl_gunbird_versions\0.9 (final turrets destroyed)\modulecharacterselection.cpp(483): warning C4553: '==': el operador no tiene efecto; ¿ha pensado en '='?
d:\github\gunbird\sdl_gunbird_versions\0.9 (final turrets destroyed)\modulecharacterselection.cpp(516): warning C4305: 'argumento': truncamiento de 'double' a 'float'
d:\github\gunbird\sdl_gunbird_versions\0.9 (final turrets destroyed)\modulecharacterselection.cpp(547): warning C4305: 'argumento': truncamiento de 'double' a 'float'
d:\github\gunbird\sdl_gunbird_versions\0.9 (final turrets destroyed)\modulecharacterselection.cpp(550): warning C4305: 'argumento': truncamiento de 'double' a 'float'
  ModuleBackgroundSea.cpp
d:\github\gunbird\sdl_gunbird_versions\0.9 (final turrets destroyed)\path.h(6): warning C4099: 'Animation': nombre de tipo visto anteriormente usando 'class' ahora se ve usando 'struct'
  d:\github\gunbird\sdl_gunbird_versions\0.9 (final turrets destroyed)\animation.h(47): note: vea la declaración de 'Animation'
d:\github\gunbird\sdl_gunbird_versions\0.9 (final turrets destroyed)\enemy.h(8): warning C4099: 'Path': nombre de tipo visto anteriormente usando 'class' ahora se ve usando 'struct'
  d:\github\gunbird\sdl_gunbird_versions\0.9 (final turrets destroyed)\path.h(17): note: vea la declaración de 'Path'
d:\github\gunbird\sdl_gunbird_versions\0.9 (final turrets destroyed)\modulebackgroundsea.cpp(79): warning C4244: '+=': conversión de 'double' a 'int'; posible pérdida de datos
  ModuleBackgroundMine.cpp
d:\github\gunbird\sdl_gunbird_versions\0.9 (final turrets destroyed)\path.h(6): warning C4099: 'Animation': nombre de tipo visto anteriormente usando 'class' ahora se ve usando 'struct'
  d:\github\gunbird\sdl_gunbird_versions\0.9 (final turrets destroyed)\animation.h(47): note: vea la declaración de 'Animation'
d:\github\gunbird\sdl_gunbird_versions\0.9 (final turrets destroyed)\modulebackgroundmine.cpp(85): warning C4244: '+=': conversión de 'double' a 'int'; posible pérdida de datos
  ModuleBackgroundCastle.cpp
d:\github\gunbird\sdl_gunbird_versions\0.9 (final turrets destroyed)\path.h(6): warning C4099: 'Animation': nombre de tipo visto anteriormente usando 'class' ahora se ve usando 'struct'
  d:\github\gunbird\sdl_gunbird_versions\0.9 (final turrets destroyed)\animation.h(47): note: vea la declaración de 'Animation'
d:\github\gunbird\sdl_gunbird_versions\0.9 (final turrets destroyed)\enemy.h(8): warning C4099: 'Path': nombre de tipo visto anteriormente usando 'class' ahora se ve usando 'struct'
  d:\github\gunbird\sdl_gunbird_versions\0.9 (final turrets destroyed)\path.h(17): note: vea la declaración de 'Path'
d:\github\gunbird\sdl_gunbird_versions\0.9 (final turrets destroyed)\modulebackgroundcastle.cpp(410): warning C4244: 'argumento': conversión de 'float' a 'int'; posible pérdida de datos
d:\github\gunbird\sdl_gunbird_versions\0.9 (final turrets destroyed)\modulebackgroundcastle.cpp(413): warning C4244: 'argumento': conversión de 'float' a 'int'; posible pérdida de datos
d:\github\gunbird\sdl_gunbird_versions\0.9 (final turrets destroyed)\modulebackgroundcastle.cpp(418): warning C4244: 'argumento': conversión de 'float' a 'int'; posible pérdida de datos
d:\github\gunbird\sdl_gunbird_versions\0.9 (final turrets destroyed)\modulebackgroundcastle.cpp(421): warning C4244: 'argumento': conversión de 'float' a 'int'; posible pérdida de datos
d:\github\gunbird\sdl_gunbird_versions\0.9 (final turrets destroyed)\modulebackgroundcastle.cpp(425): warning C4244: 'argumento': conversión de 'float' a 'int'; posible pérdida de datos
d:\github\gunbird\sdl_gunbird_versions\0.9 (final turrets destroyed)\modulebackgroundcastle.cpp(428): warning C4244: 'argumento': conversión de 'float' a 'int'; posible pérdida de datos
d:\github\gunbird\sdl_gunbird_versions\0.9 (final turrets destroyed)\modulebackgroundcastle.cpp(451): warning C4244: '=': conversión de 'int' a 'float'; posible pérdida de datos
d:\github\gunbird\sdl_gunbird_versions\0.9 (final turrets destroyed)\modulebackgroundcastle.cpp(452): warning C4244: '=': conversión de 'int' a 'float'; posible pérdida de datos
d:\github\gunbird\sdl_gunbird_versions\0.9 (final turrets destroyed)\modulebackgroundcastle.cpp(453): warning C4244: '=': conversión de 'double' a 'float'; posible pérdida de datos
  Generando código...
  Compilando...
  ModuleAudio.cpp
  Main.cpp
  Globals.cpp
  Enemy_vase.cpp
d:\github\gunbird\sdl_gunbird_versions\0.9 (final turrets destroyed)\path.h(6): warning C4099: 'Animation': nombre de tipo visto anteriormente usando 'class' ahora se ve usando 'struct'
  d:\github\gunbird\sdl_gunbird_versions\0.9 (final turrets destroyed)\animation.h(47): note: vea la declaración de 'Animation'
d:\github\gunbird\sdl_gunbird_versions\0.9 (final turrets destroyed)\enemy.h(8): warning C4099: 'Path': nombre de tipo visto anteriormente usando 'class' ahora se ve usando 'struct'
  d:\github\gunbird\sdl_gunbird_versions\0.9 (final turrets destroyed)\path.h(17): note: vea la declaración de 'Path'
  Enemy_Turret3.cpp
d:\github\gunbird\sdl_gunbird_versions\0.9 (final turrets destroyed)\path.h(6): warning C4099: 'Animation': nombre de tipo visto anteriormente usando 'class' ahora se ve usando 'struct'
  d:\github\gunbird\sdl_gunbird_versions\0.9 (final turrets destroyed)\animation.h(47): note: vea la declaración de 'Animation'
d:\github\gunbird\sdl_gunbird_versions\0.9 (final turrets destroyed)\enemy.h(8): warning C4099: 'Path': nombre de tipo visto anteriormente usando 'class' ahora se ve usando 'struct'
  d:\github\gunbird\sdl_gunbird_versions\0.9 (final turrets destroyed)\path.h(17): note: vea la declaración de 'Path'
d:\github\gunbird\sdl_gunbird_versions\0.9 (final turrets destroyed)\enemy_turret3.cpp(103): warning C4244: 'inicializando': conversión de 'int' a 'float'; posible pérdida de datos
d:\github\gunbird\sdl_gunbird_versions\0.9 (final turrets destroyed)\enemy_turret3.cpp(104): warning C4244: 'inicializando': conversión de 'int' a 'float'; posible pérdida de datos
d:\github\gunbird\sdl_gunbird_versions\0.9 (final turrets destroyed)\enemy_turret3.cpp(109): warning C4244: '=': conversión de 'double' a 'float'; posible pérdida de datos
d:\github\gunbird\sdl_gunbird_versions\0.9 (final turrets destroyed)\enemy_turret3.cpp(110): warning C4305: '*=': truncamiento de 'double' a 'float'
d:\github\gunbird\sdl_gunbird_versions\0.9 (final turrets destroyed)\enemy_turret3.cpp(209): warning C4244: 'argumento': conversión de 'float' a 'int'; posible pérdida de datos
d:\github\gunbird\sdl_gunbird_versions\0.9 (final turrets destroyed)\enemy_turret3.cpp(214): warning C4244: 'argumento': conversión de 'float' a 'int'; posible pérdida de datos
d:\github\gunbird\sdl_gunbird_versions\0.9 (final turrets destroyed)\enemy_turret3.cpp(219): warning C4244: 'argumento': conversión de 'float' a 'int'; posible pérdida de datos
  Enemy_turret2.cpp
d:\github\gunbird\sdl_gunbird_versions\0.9 (final turrets destroyed)\path.h(6): warning C4099: 'Animation': nombre de tipo visto anteriormente usando 'class' ahora se ve usando 'struct'
  d:\github\gunbird\sdl_gunbird_versions\0.9 (final turrets destroyed)\animation.h(47): note: vea la declaración de 'Animation'
d:\github\gunbird\sdl_gunbird_versions\0.9 (final turrets destroyed)\enemy.h(8): warning C4099: 'Path': nombre de tipo visto anteriormente usando 'class' ahora se ve usando 'struct'
  d:\github\gunbird\sdl_gunbird_versions\0.9 (final turrets destroyed)\path.h(17): note: vea la declaración de 'Path'
d:\github\gunbird\sdl_gunbird_versions\0.9 (final turrets destroyed)\enemy_turret2.cpp(287): warning C4244: 'inicializando': conversión de 'int' a 'float'; posible pérdida de datos
d:\github\gunbird\sdl_gunbird_versions\0.9 (final turrets destroyed)\enemy_turret2.cpp(288): warning C4244: 'inicializando': conversión de 'int' a 'float'; posible pérdida de datos
d:\github\gunbird\sdl_gunbird_versions\0.9 (final turrets destroyed)\enemy_turret2.cpp(295): warning C4244: '=': conversión de 'double' a 'float'; posible pérdida de datos
d:\github\gunbird\sdl_gunbird_versions\0.9 (final turrets destroyed)\enemy_turret2.cpp(296): warning C4305: '*=': truncamiento de 'double' a 'float'
d:\github\gunbird\sdl_gunbird_versions\0.9 (final turrets destroyed)\enemy_turret2.cpp(393): warning C4244: 'argumento': conversión de 'float' a 'int'; posible pérdida de datos
d:\github\gunbird\sdl_gunbird_versions\0.9 (final turrets destroyed)\enemy_turret2.cpp(398): warning C4244: 'argumento': conversión de 'float' a 'int'; posible pérdida de datos
d:\github\gunbird\sdl_gunbird_versions\0.9 (final turrets destroyed)\enemy_turret2.cpp(403): warning C4244: 'argumento': conversión de 'float' a 'int'; posible pérdida de datos
  Enemy_Turret.cpp
d:\github\gunbird\sdl_gunbird_versions\0.9 (final turrets destroyed)\path.h(6): warning C4099: 'Animation': nombre de tipo visto anteriormente usando 'class' ahora se ve usando 'struct'
  d:\github\gunbird\sdl_gunbird_versions\0.9 (final turrets destroyed)\animation.h(47): note: vea la declaración de 'Animation'
d:\github\gunbird\sdl_gunbird_versions\0.9 (final turrets destroyed)\enemy.h(8): warning C4099: 'Path': nombre de tipo visto anteriormente usando 'class' ahora se ve usando 'struct'
  d:\github\gunbird\sdl_gunbird_versions\0.9 (final turrets destroyed)\path.h(17): note: vea la declaración de 'Path'
d:\github\gunbird\sdl_gunbird_versions\0.9 (final turrets destroyed)\enemy_turret.cpp(61): warning C4244: 'argumento': conversión de 'double' a 'int'; posible pérdida de datos
d:\github\gunbird\sdl_gunbird_versions\0.9 (final turrets destroyed)\enemy_turret.cpp(62): warning C4244: 'argumento': conversión de 'double' a 'int'; posible pérdida de datos
d:\github\gunbird\sdl_gunbird_versions\0.9 (final turrets destroyed)\enemy_turret.cpp(77): warning C4244: 'argumento': conversión de 'double' a 'int'; posible pérdida de datos
d:\github\gunbird\sdl_gunbird_versions\0.9 (final turrets destroyed)\enemy_turret.cpp(78): warning C4244: 'argumento': conversión de 'double' a 'int'; posible pérdida de datos
d:\github\gunbird\sdl_gunbird_versions\0.9 (final turrets destroyed)\enemy_turret.cpp(79): warning C4244: 'argumento': conversión de 'double' a 'int'; posible pérdida de datos
d:\github\gunbird\sdl_gunbird_versions\0.9 (final turrets destroyed)\enemy_turret.cpp(80): warning C4244: 'argumento': conversión de 'double' a 'int'; posible pérdida de datos
  Enemy_Robot.cpp
d:\github\gunbird\sdl_gunbird_versions\0.9 (final turrets destroyed)\path.h(6): warning C4099: 'Animation': nombre de tipo visto anteriormente usando 'class' ahora se ve usando 'struct'
  d:\github\gunbird\sdl_gunbird_versions\0.9 (final turrets destroyed)\animation.h(47): note: vea la declaración de 'Animation'
d:\github\gunbird\sdl_gunbird_versions\0.9 (final turrets destroyed)\enemy.h(8): warning C4099: 'Path': nombre de tipo visto anteriormente usando 'class' ahora se ve usando 'struct'
  d:\github\gunbird\sdl_gunbird_versions\0.9 (final turrets destroyed)\path.h(17): note: vea la declaración de 'Path'
  Enemy_Rcannon.cpp
d:\github\gunbird\sdl_gunbird_versions\0.9 (final turrets destroyed)\path.h(6): warning C4099: 'Animation': nombre de tipo visto anteriormente usando 'class' ahora se ve usando 'struct'
  d:\github\gunbird\sdl_gunbird_versions\0.9 (final turrets destroyed)\animation.h(47): note: vea la declaración de 'Animation'
d:\github\gunbird\sdl_gunbird_versions\0.9 (final turrets destroyed)\enemy.h(8): warning C4099: 'Path': nombre de tipo visto anteriormente usando 'class' ahora se ve usando 'struct'
  d:\github\gunbird\sdl_gunbird_versions\0.9 (final turrets destroyed)\path.h(17): note: vea la declaración de 'Path'
d:\github\gunbird\sdl_gunbird_versions\0.9 (final turrets destroyed)\enemy_rcannon.cpp(69): warning C4244: 'inicializando': conversión de 'int' a 'float'; posible pérdida de datos
d:\github\gunbird\sdl_gunbird_versions\0.9 (final turrets destroyed)\enemy_rcannon.cpp(70): warning C4244: 'inicializando': conversión de 'int' a 'float'; posible pérdida de datos
d:\github\gunbird\sdl_gunbird_versions\0.9 (final turrets destroyed)\enemy_rcannon.cpp(75): warning C4244: '=': conversión de 'double' a 'float'; posible pérdida de datos
d:\github\gunbird\sdl_gunbird_versions\0.9 (final turrets destroyed)\enemy_rcannon.cpp(76): warning C4305: '*=': truncamiento de 'double' a 'float'
d:\github\gunbird\sdl_gunbird_versions\0.9 (final turrets destroyed)\enemy_rcannon.cpp(176): warning C4244: 'argumento': conversión de 'float' a 'int'; posible pérdida de datos
d:\github\gunbird\sdl_gunbird_versions\0.9 (final turrets destroyed)\enemy_rcannon.cpp(181): warning C4244: 'argumento': conversión de 'float' a 'int'; posible pérdida de datos
d:\github\gunbird\sdl_gunbird_versions\0.9 (final turrets destroyed)\enemy_rcannon.cpp(186): warning C4244: 'argumento': conversión de 'float' a 'int'; posible pérdida de datos
  Enemy_Missile.cpp
d:\github\gunbird\sdl_gunbird_versions\0.9 (final turrets destroyed)\path.h(6): warning C4099: 'Animation': nombre de tipo visto anteriormente usando 'class' ahora se ve usando 'struct'
  d:\github\gunbird\sdl_gunbird_versions\0.9 (final turrets destroyed)\animation.h(47): note: vea la declaración de 'Animation'
d:\github\gunbird\sdl_gunbird_versions\0.9 (final turrets destroyed)\enemy.h(8): warning C4099: 'Path': nombre de tipo visto anteriormente usando 'class' ahora se ve usando 'struct'
  d:\github\gunbird\sdl_gunbird_versions\0.9 (final turrets destroyed)\path.h(17): note: vea la declaración de 'Path'
  Enemy_Drone.cpp
d:\github\gunbird\sdl_gunbird_versions\0.9 (final turrets destroyed)\path.h(6): warning C4099: 'Animation': nombre de tipo visto anteriormente usando 'class' ahora se ve usando 'struct'
  d:\github\gunbird\sdl_gunbird_versions\0.9 (final turrets destroyed)\animation.h(47): note: vea la declaración de 'Animation'
d:\github\gunbird\sdl_gunbird_versions\0.9 (final turrets destroyed)\enemy.h(8): warning C4099: 'Path': nombre de tipo visto anteriormente usando 'class' ahora se ve usando 'struct'
  d:\github\gunbird\sdl_gunbird_versions\0.9 (final turrets destroyed)\path.h(17): note: vea la declaración de 'Path'
  Enemy_building2.cpp
d:\github\gunbird\sdl_gunbird_versions\0.9 (final turrets destroyed)\path.h(6): warning C4099: 'Animation': nombre de tipo visto anteriormente usando 'class' ahora se ve usando 'struct'
  d:\github\gunbird\sdl_gunbird_versions\0.9 (final turrets destroyed)\animation.h(47): note: vea la declaración de 'Animation'
d:\github\gunbird\sdl_gunbird_versions\0.9 (final turrets destroyed)\enemy.h(8): warning C4099: 'Path': nombre de tipo visto anteriormente usando 'class' ahora se ve usando 'struct'
  d:\github\gunbird\sdl_gunbird_versions\0.9 (final turrets destroyed)\path.h(17): note: vea la declaración de 'Path'
  Enemy_building.cpp
d:\github\gunbird\sdl_gunbird_versions\0.9 (final turrets destroyed)\path.h(6): warning C4099: 'Animation': nombre de tipo visto anteriormente usando 'class' ahora se ve usando 'struct'
  d:\github\gunbird\sdl_gunbird_versions\0.9 (final turrets destroyed)\animation.h(47): note: vea la declaración de 'Animation'
d:\github\gunbird\sdl_gunbird_versions\0.9 (final turrets destroyed)\enemy.h(8): warning C4099: 'Path': nombre de tipo visto anteriormente usando 'class' ahora se ve usando 'struct'
  d:\github\gunbird\sdl_gunbird_versions\0.9 (final turrets destroyed)\path.h(17): note: vea la declaración de 'Path'
  Enemy_Boss.cpp
d:\github\gunbird\sdl_gunbird_versions\0.9 (final turrets destroyed)\path.h(6): warning C4099: 'Animation': nombre de tipo visto anteriormente usando 'class' ahora se ve usando 'struct'
  d:\github\gunbird\sdl_gunbird_versions\0.9 (final turrets destroyed)\animation.h(47): note: vea la declaración de 'Animation'
d:\github\gunbird\sdl_gunbird_versions\0.9 (final turrets destroyed)\enemy.h(8): warning C4099: 'Path': nombre de tipo visto anteriormente usando 'class' ahora se ve usando 'struct'
  d:\github\gunbird\sdl_gunbird_versions\0.9 (final turrets destroyed)\path.h(17): note: vea la declaración de 'Path'
  Enemy_Balloon.cpp
d:\github\gunbird\sdl_gunbird_versions\0.9 (final turrets destroyed)\path.h(6): warning C4099: 'Animation': nombre de tipo visto anteriormente usando 'class' ahora se ve usando 'struct'
  d:\github\gunbird\sdl_gunbird_versions\0.9 (final turrets destroyed)\animation.h(47): note: vea la declaración de 'Animation'
d:\github\gunbird\sdl_gunbird_versions\0.9 (final turrets destroyed)\enemy.h(8): warning C4099: 'Path': nombre de tipo visto anteriormente usando 'class' ahora se ve usando 'struct'
  d:\github\gunbird\sdl_gunbird_versions\0.9 (final turrets destroyed)\path.h(17): note: vea la declaración de 'Path'
  Enemy.cpp
d:\github\gunbird\sdl_gunbird_versions\0.9 (final turrets destroyed)\path.h(6): warning C4099: 'Animation': nombre de tipo visto anteriormente usando 'class' ahora se ve usando 'struct'
  d:\github\gunbird\sdl_gunbird_versions\0.9 (final turrets destroyed)\animation.h(47): note: vea la declaración de 'Animation'
d:\github\gunbird\sdl_gunbird_versions\0.9 (final turrets destroyed)\enemy.h(8): warning C4099: 'Path': nombre de tipo visto anteriormente usando 'class' ahora se ve usando 'struct'
  d:\github\gunbird\sdl_gunbird_versions\0.9 (final turrets destroyed)\path.h(17): note: vea la declaración de 'Path'
  Coin.cpp
d:\github\gunbird\sdl_gunbird_versions\0.9 (final turrets destroyed)\path.h(6): warning C4099: 'Animation': nombre de tipo visto anteriormente usando 'class' ahora se ve usando 'struct'
  d:\github\gunbird\sdl_gunbird_versions\0.9 (final turrets destroyed)\animation.h(47): note: vea la declaración de 'Animation'
d:\github\gunbird\sdl_gunbird_versions\0.9 (final turrets destroyed)\enemy.h(8): warning C4099: 'Path': nombre de tipo visto anteriormente usando 'class' ahora se ve usando 'struct'
  d:\github\gunbird\sdl_gunbird_versions\0.9 (final turrets destroyed)\path.h(17): note: vea la declaración de 'Path'
  Character_YuanNang.cpp
d:\github\gunbird\sdl_gunbird_versions\0.9 (final turrets destroyed)\path.h(6): warning C4099: 'Animation': nombre de tipo visto anteriormente usando 'class' ahora se ve usando 'struct'
  d:\github\gunbird\sdl_gunbird_versions\0.9 (final turrets destroyed)\animation.h(47): note: vea la declaración de 'Animation'
  Character_Valnus.cpp
d:\github\gunbird\sdl_gunbird_versions\0.9 (final turrets destroyed)\path.h(6): warning C4099: 'Animation': nombre de tipo visto anteriormente usando 'class' ahora se ve usando 'struct'
  d:\github\gunbird\sdl_gunbird_versions\0.9 (final turrets destroyed)\animation.h(47): note: vea la declaración de 'Animation'
  Character_Tetsu.cpp
d:\github\gunbird\sdl_gunbird_versions\0.9 (final turrets destroyed)\path.h(6): warning C4099: 'Animation': nombre de tipo visto anteriormente usando 'class' ahora se ve usando 'struct'
  d:\github\gunbird\sdl_gunbird_versions\0.9 (final turrets destroyed)\animation.h(47): note: vea la declaración de 'Animation'
  Generando código...
  Compilando...
  Character_Marion.cpp
d:\github\gunbird\sdl_gunbird_versions\0.9 (final turrets destroyed)\path.h(6): warning C4099: 'Animation': nombre de tipo visto anteriormente usando 'class' ahora se ve usando 'struct'
  d:\github\gunbird\sdl_gunbird_versions\0.9 (final turrets destroyed)\animation.h(47): note: vea la declaración de 'Animation'
  Character_Kyoko.cpp
d:\github\gunbird\sdl_gunbird_versions\0.9 (final turrets destroyed)\path.h(6): warning C4099: 'Animation': nombre de tipo visto anteriormente usando 'class' ahora se ve usando 'struct'
  d:\github\gunbird\sdl_gunbird_versions\0.9 (final turrets destroyed)\animation.h(47): note: vea la declaración de 'Animation'
  Character_Ash.cpp
d:\github\gunbird\sdl_gunbird_versions\0.9 (final turrets destroyed)\path.h(6): warning C4099: 'Animation': nombre de tipo visto anteriormente usando 'class' ahora se ve usando 'struct'
  d:\github\gunbird\sdl_gunbird_versions\0.9 (final turrets destroyed)\animation.h(47): note: vea la declaración de 'Animation'
  Character.cpp
d:\github\gunbird\sdl_gunbird_versions\0.9 (final turrets destroyed)\path.h(6): warning C4099: 'Animation': nombre de tipo visto anteriormente usando 'class' ahora se ve usando 'struct'
  d:\github\gunbird\sdl_gunbird_versions\0.9 (final turrets destroyed)\animation.h(47): note: vea la declaración de 'Animation'
  Application.cpp
d:\github\gunbird\sdl_gunbird_versions\0.9 (final turrets destroyed)\path.h(6): warning C4099: 'Animation': nombre de tipo visto anteriormente usando 'class' ahora se ve usando 'struct'
  d:\github\gunbird\sdl_gunbird_versions\0.9 (final turrets destroyed)\animation.h(47): note: vea la declaración de 'Animation'
d:\github\gunbird\sdl_gunbird_versions\0.9 (final turrets destroyed)\enemy.h(8): warning C4099: 'Path': nombre de tipo visto anteriormente usando 'class' ahora se ve usando 'struct'
  d:\github\gunbird\sdl_gunbird_versions\0.9 (final turrets destroyed)\path.h(17): note: vea la declaración de 'Path'
  Generando código...
  LINK : no se encontró D:\Github\Gunbird\SDL_Gunbird_Versions\0.9 (final turrets destroyed)\Debug\Gunbird.exe o no lo generó el último vínculo incremental; ejecutando vínculo completo
  SDL Game.vcxproj -> D:\Github\Gunbird\SDL_Gunbird_Versions\0.9 (final turrets destroyed)\Debug\Gunbird.exe
  SDL Game.vcxproj -> D:\Github\Gunbird\SDL_Gunbird_Versions\0.9 (final turrets destroyed)\Debug\Gunbird.pdb (Full PDB)
