  PowerUp.cpp
d:\github\gunbird\sdl_gunbird_versions\0.7\path.h(6): warning C4099: 'Animation': nombre de tipo visto anteriormente usando 'class' ahora se ve usando 'struct'
  d:\github\gunbird\sdl_gunbird_versions\0.7\animation.h(47): note: vea la declaración de 'Animation'
d:\github\gunbird\sdl_gunbird_versions\0.7\enemy.h(8): warning C4099: 'Path': nombre de tipo visto anteriormente usando 'class' ahora se ve usando 'struct'
  d:\github\gunbird\sdl_gunbird_versions\0.7\path.h(17): note: vea la declaración de 'Path'
  ModuleWindow.cpp
  ModuleUI.cpp
d:\github\gunbird\sdl_gunbird_versions\0.7\path.h(6): warning C4099: 'Animation': nombre de tipo visto anteriormente usando 'class' ahora se ve usando 'struct'
  d:\github\gunbird\sdl_gunbird_versions\0.7\animation.h(47): note: vea la declaración de 'Animation'
d:\github\gunbird\sdl_gunbird_versions\0.7\enemy.h(8): warning C4099: 'Path': nombre de tipo visto anteriormente usando 'class' ahora se ve usando 'struct'
  d:\github\gunbird\sdl_gunbird_versions\0.7\path.h(17): note: vea la declaración de 'Path'
d:\github\gunbird\sdl_gunbird_versions\0.7\moduleui.cpp(164): warning C4553: '==': el operador no tiene efecto; ¿ha pensado en '='?
  ModuleTitleScreen.cpp
d:\github\gunbird\sdl_gunbird_versions\0.7\path.h(6): warning C4099: 'Animation': nombre de tipo visto anteriormente usando 'class' ahora se ve usando 'struct'
  d:\github\gunbird\sdl_gunbird_versions\0.7\animation.h(47): note: vea la declaración de 'Animation'
d:\github\gunbird\sdl_gunbird_versions\0.7\moduletitlescreen.cpp(67): warning C4305: 'argumento': truncamiento de 'double' a 'float'
  ModuleTextures.cpp
  ModuleScoreScreen.cpp
d:\github\gunbird\sdl_gunbird_versions\0.7\path.h(6): warning C4099: 'Animation': nombre de tipo visto anteriormente usando 'class' ahora se ve usando 'struct'
  d:\github\gunbird\sdl_gunbird_versions\0.7\animation.h(47): note: vea la declaración de 'Animation'
  ModuleSaveScore.cpp
d:\github\gunbird\sdl_gunbird_versions\0.7\path.h(6): warning C4099: 'Animation': nombre de tipo visto anteriormente usando 'class' ahora se ve usando 'struct'
  d:\github\gunbird\sdl_gunbird_versions\0.7\animation.h(47): note: vea la declaración de 'Animation'
  ModuleRender.cpp
d:\github\gunbird\sdl_gunbird_versions\0.7\path.h(6): warning C4099: 'Animation': nombre de tipo visto anteriormente usando 'class' ahora se ve usando 'struct'
  d:\github\gunbird\sdl_gunbird_versions\0.7\animation.h(47): note: vea la declaración de 'Animation'
  ModulePlayer.cpp
d:\github\gunbird\sdl_gunbird_versions\0.7\path.h(6): warning C4099: 'Animation': nombre de tipo visto anteriormente usando 'class' ahora se ve usando 'struct'
  d:\github\gunbird\sdl_gunbird_versions\0.7\animation.h(47): note: vea la declaración de 'Animation'
  ModuleParticles.cpp
  ModuleInput.cpp
  ModuleFonts.cpp
d:\github\gunbird\sdl_gunbird_versions\0.7\modulefonts.cpp(54): warning C4018: '<': no coinciden signed/unsigned
d:\github\gunbird\sdl_gunbird_versions\0.7\modulefonts.cpp(110): warning C4018: '<': no coinciden signed/unsigned
  ModuleFadeToBlack.cpp
  ModuleEnemies.cpp
d:\github\gunbird\sdl_gunbird_versions\0.7\path.h(6): warning C4099: 'Animation': nombre de tipo visto anteriormente usando 'class' ahora se ve usando 'struct'
  d:\github\gunbird\sdl_gunbird_versions\0.7\animation.h(47): note: vea la declaración de 'Animation'
d:\github\gunbird\sdl_gunbird_versions\0.7\enemy.h(8): warning C4099: 'Path': nombre de tipo visto anteriormente usando 'class' ahora se ve usando 'struct'
  d:\github\gunbird\sdl_gunbird_versions\0.7\path.h(17): note: vea la declaración de 'Path'
  ModuleCollision.cpp
  ModuleCharacterSelection.cpp
d:\github\gunbird\sdl_gunbird_versions\0.7\path.h(6): warning C4099: 'Animation': nombre de tipo visto anteriormente usando 'class' ahora se ve usando 'struct'
  d:\github\gunbird\sdl_gunbird_versions\0.7\animation.h(47): note: vea la declaración de 'Animation'
d:\github\gunbird\sdl_gunbird_versions\0.7\enemy.h(8): warning C4099: 'Path': nombre de tipo visto anteriormente usando 'class' ahora se ve usando 'struct'
  d:\github\gunbird\sdl_gunbird_versions\0.7\path.h(17): note: vea la declaración de 'Path'
d:\github\gunbird\sdl_gunbird_versions\0.7\modulecharacterselection.cpp(380): warning C4553: '==': el operador no tiene efecto; ¿ha pensado en '='?
d:\github\gunbird\sdl_gunbird_versions\0.7\modulecharacterselection.cpp(398): warning C4553: '==': el operador no tiene efecto; ¿ha pensado en '='?
d:\github\gunbird\sdl_gunbird_versions\0.7\modulecharacterselection.cpp(431): warning C4553: '==': el operador no tiene efecto; ¿ha pensado en '='?
d:\github\gunbird\sdl_gunbird_versions\0.7\modulecharacterselection.cpp(449): warning C4553: '==': el operador no tiene efecto; ¿ha pensado en '='?
d:\github\gunbird\sdl_gunbird_versions\0.7\modulecharacterselection.cpp(482): warning C4305: 'argumento': truncamiento de 'double' a 'float'
d:\github\gunbird\sdl_gunbird_versions\0.7\modulecharacterselection.cpp(513): warning C4305: 'argumento': truncamiento de 'double' a 'float'
d:\github\gunbird\sdl_gunbird_versions\0.7\modulecharacterselection.cpp(516): warning C4305: 'argumento': truncamiento de 'double' a 'float'
  ModuleBackgroundSea.cpp
d:\github\gunbird\sdl_gunbird_versions\0.7\path.h(6): warning C4099: 'Animation': nombre de tipo visto anteriormente usando 'class' ahora se ve usando 'struct'
  d:\github\gunbird\sdl_gunbird_versions\0.7\animation.h(47): note: vea la declaración de 'Animation'
d:\github\gunbird\sdl_gunbird_versions\0.7\enemy.h(8): warning C4099: 'Path': nombre de tipo visto anteriormente usando 'class' ahora se ve usando 'struct'
  d:\github\gunbird\sdl_gunbird_versions\0.7\path.h(17): note: vea la declaración de 'Path'
d:\github\gunbird\sdl_gunbird_versions\0.7\modulebackgroundsea.cpp(79): warning C4244: '+=': conversión de 'double' a 'int'; posible pérdida de datos
  ModuleBackgroundMine.cpp
d:\github\gunbird\sdl_gunbird_versions\0.7\path.h(6): warning C4099: 'Animation': nombre de tipo visto anteriormente usando 'class' ahora se ve usando 'struct'
  d:\github\gunbird\sdl_gunbird_versions\0.7\animation.h(47): note: vea la declaración de 'Animation'
d:\github\gunbird\sdl_gunbird_versions\0.7\modulebackgroundmine.cpp(85): warning C4244: '+=': conversión de 'double' a 'int'; posible pérdida de datos
  ModuleBackgroundCastle.cpp
d:\github\gunbird\sdl_gunbird_versions\0.7\path.h(6): warning C4099: 'Animation': nombre de tipo visto anteriormente usando 'class' ahora se ve usando 'struct'
  d:\github\gunbird\sdl_gunbird_versions\0.7\animation.h(47): note: vea la declaración de 'Animation'
d:\github\gunbird\sdl_gunbird_versions\0.7\enemy.h(8): warning C4099: 'Path': nombre de tipo visto anteriormente usando 'class' ahora se ve usando 'struct'
  d:\github\gunbird\sdl_gunbird_versions\0.7\path.h(17): note: vea la declaración de 'Path'
d:\github\gunbird\sdl_gunbird_versions\0.7\modulebackgroundcastle.cpp(293): warning C4244: 'argumento': conversión de 'float' a 'int'; posible pérdida de datos
d:\github\gunbird\sdl_gunbird_versions\0.7\modulebackgroundcastle.cpp(296): warning C4244: 'argumento': conversión de 'float' a 'int'; posible pérdida de datos
d:\github\gunbird\sdl_gunbird_versions\0.7\modulebackgroundcastle.cpp(301): warning C4244: 'argumento': conversión de 'float' a 'int'; posible pérdida de datos
d:\github\gunbird\sdl_gunbird_versions\0.7\modulebackgroundcastle.cpp(304): warning C4244: 'argumento': conversión de 'float' a 'int'; posible pérdida de datos
d:\github\gunbird\sdl_gunbird_versions\0.7\modulebackgroundcastle.cpp(308): warning C4244: 'argumento': conversión de 'float' a 'int'; posible pérdida de datos
d:\github\gunbird\sdl_gunbird_versions\0.7\modulebackgroundcastle.cpp(311): warning C4244: 'argumento': conversión de 'float' a 'int'; posible pérdida de datos
d:\github\gunbird\sdl_gunbird_versions\0.7\modulebackgroundcastle.cpp(339): warning C4244: '=': conversión de 'int' a 'float'; posible pérdida de datos
d:\github\gunbird\sdl_gunbird_versions\0.7\modulebackgroundcastle.cpp(340): warning C4244: '=': conversión de 'int' a 'float'; posible pérdida de datos
d:\github\gunbird\sdl_gunbird_versions\0.7\modulebackgroundcastle.cpp(341): warning C4244: '=': conversión de 'double' a 'float'; posible pérdida de datos
  ModuleAudio.cpp
  Generando código...
  Compilando...
  Main.cpp
  Globals.cpp
  Enemy_vase.cpp
d:\github\gunbird\sdl_gunbird_versions\0.7\path.h(6): warning C4099: 'Animation': nombre de tipo visto anteriormente usando 'class' ahora se ve usando 'struct'
  d:\github\gunbird\sdl_gunbird_versions\0.7\animation.h(47): note: vea la declaración de 'Animation'
d:\github\gunbird\sdl_gunbird_versions\0.7\enemy.h(8): warning C4099: 'Path': nombre de tipo visto anteriormente usando 'class' ahora se ve usando 'struct'
  d:\github\gunbird\sdl_gunbird_versions\0.7\path.h(17): note: vea la declaración de 'Path'
  Enemy_turret2.cpp
d:\github\gunbird\sdl_gunbird_versions\0.7\path.h(6): warning C4099: 'Animation': nombre de tipo visto anteriormente usando 'class' ahora se ve usando 'struct'
  d:\github\gunbird\sdl_gunbird_versions\0.7\animation.h(47): note: vea la declaración de 'Animation'
d:\github\gunbird\sdl_gunbird_versions\0.7\enemy.h(8): warning C4099: 'Path': nombre de tipo visto anteriormente usando 'class' ahora se ve usando 'struct'
  d:\github\gunbird\sdl_gunbird_versions\0.7\path.h(17): note: vea la declaración de 'Path'
d:\github\gunbird\sdl_gunbird_versions\0.7\enemy_turret2.cpp(55): warning C4244: 'argumento': conversión de 'float' a 'int'; posible pérdida de datos
d:\github\gunbird\sdl_gunbird_versions\0.7\enemy_turret2.cpp(60): warning C4244: 'argumento': conversión de 'float' a 'int'; posible pérdida de datos
d:\github\gunbird\sdl_gunbird_versions\0.7\enemy_turret2.cpp(65): warning C4244: 'argumento': conversión de 'float' a 'int'; posible pérdida de datos
  Enemy_Turret.cpp
d:\github\gunbird\sdl_gunbird_versions\0.7\path.h(6): warning C4099: 'Animation': nombre de tipo visto anteriormente usando 'class' ahora se ve usando 'struct'
  d:\github\gunbird\sdl_gunbird_versions\0.7\animation.h(47): note: vea la declaración de 'Animation'
d:\github\gunbird\sdl_gunbird_versions\0.7\enemy.h(8): warning C4099: 'Path': nombre de tipo visto anteriormente usando 'class' ahora se ve usando 'struct'
  d:\github\gunbird\sdl_gunbird_versions\0.7\path.h(17): note: vea la declaración de 'Path'
d:\github\gunbird\sdl_gunbird_versions\0.7\enemy_turret.cpp(61): warning C4244: 'argumento': conversión de 'double' a 'int'; posible pérdida de datos
d:\github\gunbird\sdl_gunbird_versions\0.7\enemy_turret.cpp(62): warning C4244: 'argumento': conversión de 'double' a 'int'; posible pérdida de datos
d:\github\gunbird\sdl_gunbird_versions\0.7\enemy_turret.cpp(77): warning C4244: 'argumento': conversión de 'double' a 'int'; posible pérdida de datos
d:\github\gunbird\sdl_gunbird_versions\0.7\enemy_turret.cpp(78): warning C4244: 'argumento': conversión de 'double' a 'int'; posible pérdida de datos
d:\github\gunbird\sdl_gunbird_versions\0.7\enemy_turret.cpp(79): warning C4244: 'argumento': conversión de 'double' a 'int'; posible pérdida de datos
d:\github\gunbird\sdl_gunbird_versions\0.7\enemy_turret.cpp(80): warning C4244: 'argumento': conversión de 'double' a 'int'; posible pérdida de datos
  Enemy_Robot.cpp
d:\github\gunbird\sdl_gunbird_versions\0.7\path.h(6): warning C4099: 'Animation': nombre de tipo visto anteriormente usando 'class' ahora se ve usando 'struct'
  d:\github\gunbird\sdl_gunbird_versions\0.7\animation.h(47): note: vea la declaración de 'Animation'
d:\github\gunbird\sdl_gunbird_versions\0.7\enemy.h(8): warning C4099: 'Path': nombre de tipo visto anteriormente usando 'class' ahora se ve usando 'struct'
  d:\github\gunbird\sdl_gunbird_versions\0.7\path.h(17): note: vea la declaración de 'Path'
  Enemy_Missile.cpp
d:\github\gunbird\sdl_gunbird_versions\0.7\path.h(6): warning C4099: 'Animation': nombre de tipo visto anteriormente usando 'class' ahora se ve usando 'struct'
  d:\github\gunbird\sdl_gunbird_versions\0.7\animation.h(47): note: vea la declaración de 'Animation'
d:\github\gunbird\sdl_gunbird_versions\0.7\enemy.h(8): warning C4099: 'Path': nombre de tipo visto anteriormente usando 'class' ahora se ve usando 'struct'
  d:\github\gunbird\sdl_gunbird_versions\0.7\path.h(17): note: vea la declaración de 'Path'
  Enemy_Drone.cpp
d:\github\gunbird\sdl_gunbird_versions\0.7\path.h(6): warning C4099: 'Animation': nombre de tipo visto anteriormente usando 'class' ahora se ve usando 'struct'
  d:\github\gunbird\sdl_gunbird_versions\0.7\animation.h(47): note: vea la declaración de 'Animation'
d:\github\gunbird\sdl_gunbird_versions\0.7\enemy.h(8): warning C4099: 'Path': nombre de tipo visto anteriormente usando 'class' ahora se ve usando 'struct'
  d:\github\gunbird\sdl_gunbird_versions\0.7\path.h(17): note: vea la declaración de 'Path'
  Enemy_building2.cpp
d:\github\gunbird\sdl_gunbird_versions\0.7\path.h(6): warning C4099: 'Animation': nombre de tipo visto anteriormente usando 'class' ahora se ve usando 'struct'
  d:\github\gunbird\sdl_gunbird_versions\0.7\animation.h(47): note: vea la declaración de 'Animation'
d:\github\gunbird\sdl_gunbird_versions\0.7\enemy.h(8): warning C4099: 'Path': nombre de tipo visto anteriormente usando 'class' ahora se ve usando 'struct'
  d:\github\gunbird\sdl_gunbird_versions\0.7\path.h(17): note: vea la declaración de 'Path'
  Enemy_building.cpp
d:\github\gunbird\sdl_gunbird_versions\0.7\path.h(6): warning C4099: 'Animation': nombre de tipo visto anteriormente usando 'class' ahora se ve usando 'struct'
  d:\github\gunbird\sdl_gunbird_versions\0.7\animation.h(47): note: vea la declaración de 'Animation'
d:\github\gunbird\sdl_gunbird_versions\0.7\enemy.h(8): warning C4099: 'Path': nombre de tipo visto anteriormente usando 'class' ahora se ve usando 'struct'
  d:\github\gunbird\sdl_gunbird_versions\0.7\path.h(17): note: vea la declaración de 'Path'
  Enemy_Balloon.cpp
d:\github\gunbird\sdl_gunbird_versions\0.7\path.h(6): warning C4099: 'Animation': nombre de tipo visto anteriormente usando 'class' ahora se ve usando 'struct'
  d:\github\gunbird\sdl_gunbird_versions\0.7\animation.h(47): note: vea la declaración de 'Animation'
d:\github\gunbird\sdl_gunbird_versions\0.7\enemy.h(8): warning C4099: 'Path': nombre de tipo visto anteriormente usando 'class' ahora se ve usando 'struct'
  d:\github\gunbird\sdl_gunbird_versions\0.7\path.h(17): note: vea la declaración de 'Path'
  Enemy.cpp
d:\github\gunbird\sdl_gunbird_versions\0.7\path.h(6): warning C4099: 'Animation': nombre de tipo visto anteriormente usando 'class' ahora se ve usando 'struct'
  d:\github\gunbird\sdl_gunbird_versions\0.7\animation.h(47): note: vea la declaración de 'Animation'
d:\github\gunbird\sdl_gunbird_versions\0.7\enemy.h(8): warning C4099: 'Path': nombre de tipo visto anteriormente usando 'class' ahora se ve usando 'struct'
  d:\github\gunbird\sdl_gunbird_versions\0.7\path.h(17): note: vea la declaración de 'Path'
  Coin.cpp
d:\github\gunbird\sdl_gunbird_versions\0.7\path.h(6): warning C4099: 'Animation': nombre de tipo visto anteriormente usando 'class' ahora se ve usando 'struct'
  d:\github\gunbird\sdl_gunbird_versions\0.7\animation.h(47): note: vea la declaración de 'Animation'
d:\github\gunbird\sdl_gunbird_versions\0.7\enemy.h(8): warning C4099: 'Path': nombre de tipo visto anteriormente usando 'class' ahora se ve usando 'struct'
  d:\github\gunbird\sdl_gunbird_versions\0.7\path.h(17): note: vea la declaración de 'Path'
  Character_YuanNang.cpp
d:\github\gunbird\sdl_gunbird_versions\0.7\path.h(6): warning C4099: 'Animation': nombre de tipo visto anteriormente usando 'class' ahora se ve usando 'struct'
  d:\github\gunbird\sdl_gunbird_versions\0.7\animation.h(47): note: vea la declaración de 'Animation'
  Character_Valnus.cpp
d:\github\gunbird\sdl_gunbird_versions\0.7\path.h(6): warning C4099: 'Animation': nombre de tipo visto anteriormente usando 'class' ahora se ve usando 'struct'
  d:\github\gunbird\sdl_gunbird_versions\0.7\animation.h(47): note: vea la declaración de 'Animation'
  Character_Tetsu.cpp
d:\github\gunbird\sdl_gunbird_versions\0.7\path.h(6): warning C4099: 'Animation': nombre de tipo visto anteriormente usando 'class' ahora se ve usando 'struct'
  d:\github\gunbird\sdl_gunbird_versions\0.7\animation.h(47): note: vea la declaración de 'Animation'
  Character_Marion.cpp
d:\github\gunbird\sdl_gunbird_versions\0.7\path.h(6): warning C4099: 'Animation': nombre de tipo visto anteriormente usando 'class' ahora se ve usando 'struct'
  d:\github\gunbird\sdl_gunbird_versions\0.7\animation.h(47): note: vea la declaración de 'Animation'
  Character_Kyoko.cpp
d:\github\gunbird\sdl_gunbird_versions\0.7\path.h(6): warning C4099: 'Animation': nombre de tipo visto anteriormente usando 'class' ahora se ve usando 'struct'
  d:\github\gunbird\sdl_gunbird_versions\0.7\animation.h(47): note: vea la declaración de 'Animation'
  Character_Ash.cpp
d:\github\gunbird\sdl_gunbird_versions\0.7\path.h(6): warning C4099: 'Animation': nombre de tipo visto anteriormente usando 'class' ahora se ve usando 'struct'
  d:\github\gunbird\sdl_gunbird_versions\0.7\animation.h(47): note: vea la declaración de 'Animation'
  Character.cpp
d:\github\gunbird\sdl_gunbird_versions\0.7\path.h(6): warning C4099: 'Animation': nombre de tipo visto anteriormente usando 'class' ahora se ve usando 'struct'
  d:\github\gunbird\sdl_gunbird_versions\0.7\animation.h(47): note: vea la declaración de 'Animation'
  Generando código...
  Compilando...
  Application.cpp
d:\github\gunbird\sdl_gunbird_versions\0.7\path.h(6): warning C4099: 'Animation': nombre de tipo visto anteriormente usando 'class' ahora se ve usando 'struct'
  d:\github\gunbird\sdl_gunbird_versions\0.7\animation.h(47): note: vea la declaración de 'Animation'
d:\github\gunbird\sdl_gunbird_versions\0.7\enemy.h(8): warning C4099: 'Path': nombre de tipo visto anteriormente usando 'class' ahora se ve usando 'struct'
  d:\github\gunbird\sdl_gunbird_versions\0.7\path.h(17): note: vea la declaración de 'Path'
  Generando código...
  SDL Game.vcxproj -> D:\Github\Gunbird\SDL_Gunbird_Versions\0.7\Debug\Gunbird.exe
  SDL Game.vcxproj -> D:\Github\Gunbird\SDL_Gunbird_Versions\0.7\Debug\Gunbird.pdb (Full PDB)
