  Application.cpp
  Globals.cpp
  Main.cpp
  ModuleBackgroundCastle.cpp
ModuleBackgroundCastle.cpp(88): warning C4244: '+=': conversión de 'double' a 'int'; posible pérdida de datos
  ModuleBackgroundMine.cpp
ModuleBackgroundMine.cpp(95): warning C4244: '+=': conversión de 'double' a 'int'; posible pérdida de datos
  ModuleBackgroundSea.cpp
ModuleBackgroundSea.cpp(93): warning C4244: '+=': conversión de 'double' a 'int'; posible pérdida de datos
  ModuleCollision.cpp
  ModuleEnemies.cpp
  ModuleFadeToBlack.cpp
  ModuleInput.cpp
  ModuleParticles.cpp
  ModulePlayer.cpp
ModulePlayer.cpp(91): warning C4244: '-=': conversión de 'double' a 'int'; posible pérdida de datos
  ModulePlayer2.cpp
ModulePlayer2.cpp(68): warning C4244: '-=': conversión de 'double' a 'int'; posible pérdida de datos
  ModuleRender.cpp
  ModuleScoreScreen.cpp
  ModuleTextures.cpp
  ModuleTitleScreen.cpp
ModuleTitleScreen.cpp(71): warning C4305: 'argumento': truncamiento de 'double' a 'float'
  ModuleWindow.cpp
  Generando código
  155 of 158 functions (98.1%) were compiled, the rest were copied from previous compilation.
    0 functions were new in current compilation
    0 functions had inline decision re-evaluated but remain unchanged
  Generación de código finalizada
  SDL Game.vcxproj -> C:\Users\David\Desktop\0.42\Release\Gunbird.exe
  SDL Game.vcxproj -> C:\Users\David\Desktop\0.42\Release\Gunbird.pdb (Full PDB)
