  PowerUp.cpp
c:\users\david\desktop\gunbird\sdl_gunbird_versions\0.47 (animations)\path.h(6): warning C4099: 'Animation': nombre de tipo visto anteriormente usando 'class' ahora se ve usando 'struct'
  c:\users\david\desktop\gunbird\sdl_gunbird_versions\0.47 (animations)\animation.h(47): note: vea la declaración de 'Animation'
c:\users\david\desktop\gunbird\sdl_gunbird_versions\0.47 (animations)\enemy.h(8): warning C4099: 'Path': nombre de tipo visto anteriormente usando 'class' ahora se ve usando 'struct'
  c:\users\david\desktop\gunbird\sdl_gunbird_versions\0.47 (animations)\path.h(17): note: vea la declaración de 'Path'
  ModuleWindow.cpp
  ModuleUI.cpp
c:\users\david\desktop\gunbird\sdl_gunbird_versions\0.47 (animations)\path.h(6): warning C4099: 'Animation': nombre de tipo visto anteriormente usando 'class' ahora se ve usando 'struct'
  c:\users\david\desktop\gunbird\sdl_gunbird_versions\0.47 (animations)\animation.h(47): note: vea la declaración de 'Animation'
  ModuleTitleScreen.cpp
c:\users\david\desktop\gunbird\sdl_gunbird_versions\0.47 (animations)\moduletitlescreen.cpp(55): warning C4305: 'argumento': truncamiento de 'double' a 'float'
  ModuleTextures.cpp
  ModuleScoreScreen.cpp
  ModuleRender.cpp
  ModulePlayer.cpp
c:\users\david\desktop\gunbird\sdl_gunbird_versions\0.47 (animations)\path.h(6): warning C4099: 'Animation': nombre de tipo visto anteriormente usando 'class' ahora se ve usando 'struct'
  c:\users\david\desktop\gunbird\sdl_gunbird_versions\0.47 (animations)\animation.h(47): note: vea la declaración de 'Animation'
  ModuleParticles.cpp
  ModuleInput.cpp
  ModuleFadeToBlack.cpp
  ModuleEnemies.cpp
c:\users\david\desktop\gunbird\sdl_gunbird_versions\0.47 (animations)\path.h(6): warning C4099: 'Animation': nombre de tipo visto anteriormente usando 'class' ahora se ve usando 'struct'
  c:\users\david\desktop\gunbird\sdl_gunbird_versions\0.47 (animations)\animation.h(47): note: vea la declaración de 'Animation'
c:\users\david\desktop\gunbird\sdl_gunbird_versions\0.47 (animations)\enemy.h(8): warning C4099: 'Path': nombre de tipo visto anteriormente usando 'class' ahora se ve usando 'struct'
  c:\users\david\desktop\gunbird\sdl_gunbird_versions\0.47 (animations)\path.h(17): note: vea la declaración de 'Path'
  ModuleCollision.cpp
  ModuleCharacterSelection.cpp
c:\users\david\desktop\gunbird\sdl_gunbird_versions\0.47 (animations)\path.h(6): warning C4099: 'Animation': nombre de tipo visto anteriormente usando 'class' ahora se ve usando 'struct'
  c:\users\david\desktop\gunbird\sdl_gunbird_versions\0.47 (animations)\animation.h(47): note: vea la declaración de 'Animation'
c:\users\david\desktop\gunbird\sdl_gunbird_versions\0.47 (animations)\modulecharacterselection.cpp(150): warning C4305: 'argumento': truncamiento de 'double' a 'float'
  ModuleBackgroundSea.cpp
c:\users\david\desktop\gunbird\sdl_gunbird_versions\0.47 (animations)\path.h(6): warning C4099: 'Animation': nombre de tipo visto anteriormente usando 'class' ahora se ve usando 'struct'
  c:\users\david\desktop\gunbird\sdl_gunbird_versions\0.47 (animations)\animation.h(47): note: vea la declaración de 'Animation'
c:\users\david\desktop\gunbird\sdl_gunbird_versions\0.47 (animations)\enemy.h(8): warning C4099: 'Path': nombre de tipo visto anteriormente usando 'class' ahora se ve usando 'struct'
  c:\users\david\desktop\gunbird\sdl_gunbird_versions\0.47 (animations)\path.h(17): note: vea la declaración de 'Path'
c:\users\david\desktop\gunbird\sdl_gunbird_versions\0.47 (animations)\modulebackgroundsea.cpp(79): warning C4244: '+=': conversión de 'double' a 'int'; posible pérdida de datos
  ModuleBackgroundMine.cpp
c:\users\david\desktop\gunbird\sdl_gunbird_versions\0.47 (animations)\path.h(6): warning C4099: 'Animation': nombre de tipo visto anteriormente usando 'class' ahora se ve usando 'struct'
  c:\users\david\desktop\gunbird\sdl_gunbird_versions\0.47 (animations)\animation.h(47): note: vea la declaración de 'Animation'
c:\users\david\desktop\gunbird\sdl_gunbird_versions\0.47 (animations)\modulebackgroundmine.cpp(85): warning C4244: '+=': conversión de 'double' a 'int'; posible pérdida de datos
  ModuleBackgroundCastle.cpp
c:\users\david\desktop\gunbird\sdl_gunbird_versions\0.47 (animations)\path.h(6): warning C4099: 'Animation': nombre de tipo visto anteriormente usando 'class' ahora se ve usando 'struct'
  c:\users\david\desktop\gunbird\sdl_gunbird_versions\0.47 (animations)\animation.h(47): note: vea la declaración de 'Animation'
c:\users\david\desktop\gunbird\sdl_gunbird_versions\0.47 (animations)\enemy.h(8): warning C4099: 'Path': nombre de tipo visto anteriormente usando 'class' ahora se ve usando 'struct'
  c:\users\david\desktop\gunbird\sdl_gunbird_versions\0.47 (animations)\path.h(17): note: vea la declaración de 'Path'
  ModuleAudio.cpp
  Main.cpp
  Globals.cpp
  Generando código...
  Compilando...
  Enemy_vase.cpp
c:\users\david\desktop\gunbird\sdl_gunbird_versions\0.47 (animations)\path.h(6): warning C4099: 'Animation': nombre de tipo visto anteriormente usando 'class' ahora se ve usando 'struct'
  c:\users\david\desktop\gunbird\sdl_gunbird_versions\0.47 (animations)\animation.h(47): note: vea la declaración de 'Animation'
c:\users\david\desktop\gunbird\sdl_gunbird_versions\0.47 (animations)\enemy.h(8): warning C4099: 'Path': nombre de tipo visto anteriormente usando 'class' ahora se ve usando 'struct'
  c:\users\david\desktop\gunbird\sdl_gunbird_versions\0.47 (animations)\path.h(17): note: vea la declaración de 'Path'
  Enemy_Turret.cpp
c:\users\david\desktop\gunbird\sdl_gunbird_versions\0.47 (animations)\path.h(6): warning C4099: 'Animation': nombre de tipo visto anteriormente usando 'class' ahora se ve usando 'struct'
  c:\users\david\desktop\gunbird\sdl_gunbird_versions\0.47 (animations)\animation.h(47): note: vea la declaración de 'Animation'
c:\users\david\desktop\gunbird\sdl_gunbird_versions\0.47 (animations)\enemy.h(8): warning C4099: 'Path': nombre de tipo visto anteriormente usando 'class' ahora se ve usando 'struct'
  c:\users\david\desktop\gunbird\sdl_gunbird_versions\0.47 (animations)\path.h(17): note: vea la declaración de 'Path'
  Enemy_Missile.cpp
c:\users\david\desktop\gunbird\sdl_gunbird_versions\0.47 (animations)\path.h(6): warning C4099: 'Animation': nombre de tipo visto anteriormente usando 'class' ahora se ve usando 'struct'
  c:\users\david\desktop\gunbird\sdl_gunbird_versions\0.47 (animations)\animation.h(47): note: vea la declaración de 'Animation'
c:\users\david\desktop\gunbird\sdl_gunbird_versions\0.47 (animations)\enemy.h(8): warning C4099: 'Path': nombre de tipo visto anteriormente usando 'class' ahora se ve usando 'struct'
  c:\users\david\desktop\gunbird\sdl_gunbird_versions\0.47 (animations)\path.h(17): note: vea la declaración de 'Path'
  Enemy_flag.cpp
c:\users\david\desktop\gunbird\sdl_gunbird_versions\0.47 (animations)\path.h(6): warning C4099: 'Animation': nombre de tipo visto anteriormente usando 'class' ahora se ve usando 'struct'
  c:\users\david\desktop\gunbird\sdl_gunbird_versions\0.47 (animations)\animation.h(47): note: vea la declaración de 'Animation'
c:\users\david\desktop\gunbird\sdl_gunbird_versions\0.47 (animations)\enemy.h(8): warning C4099: 'Path': nombre de tipo visto anteriormente usando 'class' ahora se ve usando 'struct'
  c:\users\david\desktop\gunbird\sdl_gunbird_versions\0.47 (animations)\path.h(17): note: vea la declaración de 'Path'
  Enemy_drone.cpp
c:\users\david\desktop\gunbird\sdl_gunbird_versions\0.47 (animations)\path.h(6): warning C4099: 'Animation': nombre de tipo visto anteriormente usando 'class' ahora se ve usando 'struct'
  c:\users\david\desktop\gunbird\sdl_gunbird_versions\0.47 (animations)\animation.h(47): note: vea la declaración de 'Animation'
c:\users\david\desktop\gunbird\sdl_gunbird_versions\0.47 (animations)\enemy.h(8): warning C4099: 'Path': nombre de tipo visto anteriormente usando 'class' ahora se ve usando 'struct'
  c:\users\david\desktop\gunbird\sdl_gunbird_versions\0.47 (animations)\path.h(17): note: vea la declaración de 'Path'
  Enemy_building2.cpp
c:\users\david\desktop\gunbird\sdl_gunbird_versions\0.47 (animations)\path.h(6): warning C4099: 'Animation': nombre de tipo visto anteriormente usando 'class' ahora se ve usando 'struct'
  c:\users\david\desktop\gunbird\sdl_gunbird_versions\0.47 (animations)\animation.h(47): note: vea la declaración de 'Animation'
c:\users\david\desktop\gunbird\sdl_gunbird_versions\0.47 (animations)\enemy.h(8): warning C4099: 'Path': nombre de tipo visto anteriormente usando 'class' ahora se ve usando 'struct'
  c:\users\david\desktop\gunbird\sdl_gunbird_versions\0.47 (animations)\path.h(17): note: vea la declaración de 'Path'
  Enemy_building.cpp
c:\users\david\desktop\gunbird\sdl_gunbird_versions\0.47 (animations)\path.h(6): warning C4099: 'Animation': nombre de tipo visto anteriormente usando 'class' ahora se ve usando 'struct'
  c:\users\david\desktop\gunbird\sdl_gunbird_versions\0.47 (animations)\animation.h(47): note: vea la declaración de 'Animation'
c:\users\david\desktop\gunbird\sdl_gunbird_versions\0.47 (animations)\enemy.h(8): warning C4099: 'Path': nombre de tipo visto anteriormente usando 'class' ahora se ve usando 'struct'
  c:\users\david\desktop\gunbird\sdl_gunbird_versions\0.47 (animations)\path.h(17): note: vea la declaración de 'Path'
  Enemy_Balloon.cpp
c:\users\david\desktop\gunbird\sdl_gunbird_versions\0.47 (animations)\path.h(6): warning C4099: 'Animation': nombre de tipo visto anteriormente usando 'class' ahora se ve usando 'struct'
  c:\users\david\desktop\gunbird\sdl_gunbird_versions\0.47 (animations)\animation.h(47): note: vea la declaración de 'Animation'
c:\users\david\desktop\gunbird\sdl_gunbird_versions\0.47 (animations)\enemy.h(8): warning C4099: 'Path': nombre de tipo visto anteriormente usando 'class' ahora se ve usando 'struct'
  c:\users\david\desktop\gunbird\sdl_gunbird_versions\0.47 (animations)\path.h(17): note: vea la declaración de 'Path'
  Enemy.cpp
c:\users\david\desktop\gunbird\sdl_gunbird_versions\0.47 (animations)\path.h(6): warning C4099: 'Animation': nombre de tipo visto anteriormente usando 'class' ahora se ve usando 'struct'
  c:\users\david\desktop\gunbird\sdl_gunbird_versions\0.47 (animations)\animation.h(47): note: vea la declaración de 'Animation'
c:\users\david\desktop\gunbird\sdl_gunbird_versions\0.47 (animations)\enemy.h(8): warning C4099: 'Path': nombre de tipo visto anteriormente usando 'class' ahora se ve usando 'struct'
  c:\users\david\desktop\gunbird\sdl_gunbird_versions\0.47 (animations)\path.h(17): note: vea la declaración de 'Path'
  Character_YuanNang.cpp
c:\users\david\desktop\gunbird\sdl_gunbird_versions\0.47 (animations)\path.h(6): warning C4099: 'Animation': nombre de tipo visto anteriormente usando 'class' ahora se ve usando 'struct'
  c:\users\david\desktop\gunbird\sdl_gunbird_versions\0.47 (animations)\animation.h(47): note: vea la declaración de 'Animation'
  Character_Valnus.cpp
c:\users\david\desktop\gunbird\sdl_gunbird_versions\0.47 (animations)\path.h(6): warning C4099: 'Animation': nombre de tipo visto anteriormente usando 'class' ahora se ve usando 'struct'
  c:\users\david\desktop\gunbird\sdl_gunbird_versions\0.47 (animations)\animation.h(47): note: vea la declaración de 'Animation'
  Character_Tetsu.cpp
c:\users\david\desktop\gunbird\sdl_gunbird_versions\0.47 (animations)\path.h(6): warning C4099: 'Animation': nombre de tipo visto anteriormente usando 'class' ahora se ve usando 'struct'
  c:\users\david\desktop\gunbird\sdl_gunbird_versions\0.47 (animations)\animation.h(47): note: vea la declaración de 'Animation'
  Character_Marion.cpp
c:\users\david\desktop\gunbird\sdl_gunbird_versions\0.47 (animations)\path.h(6): warning C4099: 'Animation': nombre de tipo visto anteriormente usando 'class' ahora se ve usando 'struct'
  c:\users\david\desktop\gunbird\sdl_gunbird_versions\0.47 (animations)\animation.h(47): note: vea la declaración de 'Animation'
  Character_Ash.cpp
c:\users\david\desktop\gunbird\sdl_gunbird_versions\0.47 (animations)\path.h(6): warning C4099: 'Animation': nombre de tipo visto anteriormente usando 'class' ahora se ve usando 'struct'
  c:\users\david\desktop\gunbird\sdl_gunbird_versions\0.47 (animations)\animation.h(47): note: vea la declaración de 'Animation'
  Character.cpp
c:\users\david\desktop\gunbird\sdl_gunbird_versions\0.47 (animations)\path.h(6): warning C4099: 'Animation': nombre de tipo visto anteriormente usando 'class' ahora se ve usando 'struct'
  c:\users\david\desktop\gunbird\sdl_gunbird_versions\0.47 (animations)\animation.h(47): note: vea la declaración de 'Animation'
  Application.cpp
c:\users\david\desktop\gunbird\sdl_gunbird_versions\0.47 (animations)\path.h(6): warning C4099: 'Animation': nombre de tipo visto anteriormente usando 'class' ahora se ve usando 'struct'
  c:\users\david\desktop\gunbird\sdl_gunbird_versions\0.47 (animations)\animation.h(47): note: vea la declaración de 'Animation'
c:\users\david\desktop\gunbird\sdl_gunbird_versions\0.47 (animations)\enemy.h(8): warning C4099: 'Path': nombre de tipo visto anteriormente usando 'class' ahora se ve usando 'struct'
  c:\users\david\desktop\gunbird\sdl_gunbird_versions\0.47 (animations)\path.h(17): note: vea la declaración de 'Path'
  Generando código...
  SDL Game.vcxproj -> C:\Users\David\Desktop\Gunbird\SDL_Gunbird_Versions\0.47 (animations)\Debug\Gunbird.exe
  SDL Game.vcxproj -> C:\Users\David\Desktop\Gunbird\SDL_Gunbird_Versions\0.47 (animations)\Debug\Gunbird.pdb (Full PDB)
