  Application.cpp
c:\users\adrià gironès\desktop\0.9\path.h(6): warning C4099: 'Animation': nombre de tipo visto anteriormente usando 'class' ahora se ve usando 'struct'
  c:\users\adrià gironès\desktop\0.9\animation.h(47): note: vea la declaración de 'Animation'
c:\users\adrià gironès\desktop\0.9\enemy.h(8): warning C4099: 'Path': nombre de tipo visto anteriormente usando 'class' ahora se ve usando 'struct'
  c:\users\adrià gironès\desktop\0.9\path.h(17): note: vea la declaración de 'Path'
  Generando código...
  Compilando...
  PowerUp.cpp
c:\users\adrià gironès\desktop\0.9\path.h(6): warning C4099: 'Animation': nombre de tipo visto anteriormente usando 'class' ahora se ve usando 'struct'
  c:\users\adrià gironès\desktop\0.9\animation.h(47): note: vea la declaración de 'Animation'
c:\users\adrià gironès\desktop\0.9\enemy.h(8): warning C4099: 'Path': nombre de tipo visto anteriormente usando 'class' ahora se ve usando 'struct'
  c:\users\adrià gironès\desktop\0.9\path.h(17): note: vea la declaración de 'Path'
  ModuleWindow.cpp
  ModuleUI.cpp
c:\users\adrià gironès\desktop\0.9\path.h(6): warning C4099: 'Animation': nombre de tipo visto anteriormente usando 'class' ahora se ve usando 'struct'
  c:\users\adrià gironès\desktop\0.9\animation.h(47): note: vea la declaración de 'Animation'
c:\users\adrià gironès\desktop\0.9\enemy.h(8): warning C4099: 'Path': nombre de tipo visto anteriormente usando 'class' ahora se ve usando 'struct'
  c:\users\adrià gironès\desktop\0.9\path.h(17): note: vea la declaración de 'Path'
c:\users\adrià gironès\desktop\0.9\moduleui.cpp(182): warning C4553: '==': el operador no tiene efecto; ¿ha pensado en '='?
  ModuleTitleScreen.cpp
c:\users\adrià gironès\desktop\0.9\path.h(6): warning C4099: 'Animation': nombre de tipo visto anteriormente usando 'class' ahora se ve usando 'struct'
  c:\users\adrià gironès\desktop\0.9\animation.h(47): note: vea la declaración de 'Animation'
c:\users\adrià gironès\desktop\0.9\moduletitlescreen.cpp(75): warning C4305: 'argumento': truncamiento de 'double' a 'float'
  ModuleTextures.cpp
  ModuleScoreScreen.cpp
c:\users\adrià gironès\desktop\0.9\path.h(6): warning C4099: 'Animation': nombre de tipo visto anteriormente usando 'class' ahora se ve usando 'struct'
  c:\users\adrià gironès\desktop\0.9\animation.h(47): note: vea la declaración de 'Animation'
  ModuleSaveScore.cpp
c:\users\adrià gironès\desktop\0.9\path.h(6): warning C4099: 'Animation': nombre de tipo visto anteriormente usando 'class' ahora se ve usando 'struct'
  c:\users\adrià gironès\desktop\0.9\animation.h(47): note: vea la declaración de 'Animation'
  ModuleRender.cpp
c:\users\adrià gironès\desktop\0.9\path.h(6): warning C4099: 'Animation': nombre de tipo visto anteriormente usando 'class' ahora se ve usando 'struct'
  c:\users\adrià gironès\desktop\0.9\animation.h(47): note: vea la declaración de 'Animation'
  ModulePlayer.cpp
c:\users\adrià gironès\desktop\0.9\path.h(6): warning C4099: 'Animation': nombre de tipo visto anteriormente usando 'class' ahora se ve usando 'struct'
  c:\users\adrià gironès\desktop\0.9\animation.h(47): note: vea la declaración de 'Animation'
c:\users\adrià gironès\desktop\0.9\enemy.h(8): warning C4099: 'Path': nombre de tipo visto anteriormente usando 'class' ahora se ve usando 'struct'
  c:\users\adrià gironès\desktop\0.9\path.h(17): note: vea la declaración de 'Path'
  ModuleParticles.cpp
  ModuleInput.cpp
  ModuleFonts.cpp
c:\users\adrià gironès\desktop\0.9\modulefonts.cpp(54): warning C4018: '<': no coinciden signed/unsigned
c:\users\adrià gironès\desktop\0.9\modulefonts.cpp(110): warning C4018: '<': no coinciden signed/unsigned
  ModuleFadeToBlack.cpp
  ModuleEnemies.cpp
c:\users\adrià gironès\desktop\0.9\path.h(6): warning C4099: 'Animation': nombre de tipo visto anteriormente usando 'class' ahora se ve usando 'struct'
  c:\users\adrià gironès\desktop\0.9\animation.h(47): note: vea la declaración de 'Animation'
c:\users\adrià gironès\desktop\0.9\enemy.h(8): warning C4099: 'Path': nombre de tipo visto anteriormente usando 'class' ahora se ve usando 'struct'
  c:\users\adrià gironès\desktop\0.9\path.h(17): note: vea la declaración de 'Path'
  ModuleEndScene.cpp
c:\users\adrià gironès\desktop\0.9\path.h(6): warning C4099: 'Animation': nombre de tipo visto anteriormente usando 'class' ahora se ve usando 'struct'
  c:\users\adrià gironès\desktop\0.9\animation.h(47): note: vea la declaración de 'Animation'
  ModuleCollision.cpp
  ModuleCharacterSelection.cpp
c:\users\adrià gironès\desktop\0.9\path.h(6): warning C4099: 'Animation': nombre de tipo visto anteriormente usando 'class' ahora se ve usando 'struct'
  c:\users\adrià gironès\desktop\0.9\animation.h(47): note: vea la declaración de 'Animation'
c:\users\adrià gironès\desktop\0.9\enemy.h(8): warning C4099: 'Path': nombre de tipo visto anteriormente usando 'class' ahora se ve usando 'struct'
  c:\users\adrià gironès\desktop\0.9\path.h(17): note: vea la declaración de 'Path'
c:\users\adrià gironès\desktop\0.9\modulecharacterselection.cpp(414): warning C4553: '==': el operador no tiene efecto; ¿ha pensado en '='?
c:\users\adrià gironès\desktop\0.9\modulecharacterselection.cpp(432): warning C4553: '==': el operador no tiene efecto; ¿ha pensado en '='?
c:\users\adrià gironès\desktop\0.9\modulecharacterselection.cpp(465): warning C4553: '==': el operador no tiene efecto; ¿ha pensado en '='?
c:\users\adrià gironès\desktop\0.9\modulecharacterselection.cpp(483): warning C4553: '==': el operador no tiene efecto; ¿ha pensado en '='?
c:\users\adrià gironès\desktop\0.9\modulecharacterselection.cpp(516): warning C4305: 'argumento': truncamiento de 'double' a 'float'
c:\users\adrià gironès\desktop\0.9\modulecharacterselection.cpp(547): warning C4305: 'argumento': truncamiento de 'double' a 'float'
c:\users\adrià gironès\desktop\0.9\modulecharacterselection.cpp(550): warning C4305: 'argumento': truncamiento de 'double' a 'float'
  ModuleBackgroundSea.cpp
c:\users\adrià gironès\desktop\0.9\path.h(6): warning C4099: 'Animation': nombre de tipo visto anteriormente usando 'class' ahora se ve usando 'struct'
  c:\users\adrià gironès\desktop\0.9\animation.h(47): note: vea la declaración de 'Animation'
c:\users\adrià gironès\desktop\0.9\enemy.h(8): warning C4099: 'Path': nombre de tipo visto anteriormente usando 'class' ahora se ve usando 'struct'
  c:\users\adrià gironès\desktop\0.9\path.h(17): note: vea la declaración de 'Path'
c:\users\adrià gironès\desktop\0.9\modulebackgroundsea.cpp(79): warning C4244: '+=': conversión de 'double' a 'int'; posible pérdida de datos
  ModuleBackgroundMine.cpp
c:\users\adrià gironès\desktop\0.9\path.h(6): warning C4099: 'Animation': nombre de tipo visto anteriormente usando 'class' ahora se ve usando 'struct'
  c:\users\adrià gironès\desktop\0.9\animation.h(47): note: vea la declaración de 'Animation'
c:\users\adrià gironès\desktop\0.9\modulebackgroundmine.cpp(85): warning C4244: '+=': conversión de 'double' a 'int'; posible pérdida de datos
  ModuleBackgroundCastle.cpp
c:\users\adrià gironès\desktop\0.9\path.h(6): warning C4099: 'Animation': nombre de tipo visto anteriormente usando 'class' ahora se ve usando 'struct'
  c:\users\adrià gironès\desktop\0.9\animation.h(47): note: vea la declaración de 'Animation'
c:\users\adrià gironès\desktop\0.9\enemy.h(8): warning C4099: 'Path': nombre de tipo visto anteriormente usando 'class' ahora se ve usando 'struct'
  c:\users\adrià gironès\desktop\0.9\path.h(17): note: vea la declaración de 'Path'
c:\users\adrià gironès\desktop\0.9\modulebackgroundcastle.cpp(410): warning C4244: 'argumento': conversión de 'float' a 'int'; posible pérdida de datos
c:\users\adrià gironès\desktop\0.9\modulebackgroundcastle.cpp(413): warning C4244: 'argumento': conversión de 'float' a 'int'; posible pérdida de datos
c:\users\adrià gironès\desktop\0.9\modulebackgroundcastle.cpp(418): warning C4244: 'argumento': conversión de 'float' a 'int'; posible pérdida de datos
c:\users\adrià gironès\desktop\0.9\modulebackgroundcastle.cpp(421): warning C4244: 'argumento': conversión de 'float' a 'int'; posible pérdida de datos
c:\users\adrià gironès\desktop\0.9\modulebackgroundcastle.cpp(425): warning C4244: 'argumento': conversión de 'float' a 'int'; posible pérdida de datos
c:\users\adrià gironès\desktop\0.9\modulebackgroundcastle.cpp(428): warning C4244: 'argumento': conversión de 'float' a 'int'; posible pérdida de datos
c:\users\adrià gironès\desktop\0.9\modulebackgroundcastle.cpp(451): warning C4244: '=': conversión de 'int' a 'float'; posible pérdida de datos
c:\users\adrià gironès\desktop\0.9\modulebackgroundcastle.cpp(452): warning C4244: '=': conversión de 'int' a 'float'; posible pérdida de datos
c:\users\adrià gironès\desktop\0.9\modulebackgroundcastle.cpp(453): warning C4244: '=': conversión de 'double' a 'float'; posible pérdida de datos
  Generando código...
  Compilando...
  ModuleAudio.cpp
  Main.cpp
  Enemy_vase.cpp
c:\users\adrià gironès\desktop\0.9\path.h(6): warning C4099: 'Animation': nombre de tipo visto anteriormente usando 'class' ahora se ve usando 'struct'
  c:\users\adrià gironès\desktop\0.9\animation.h(47): note: vea la declaración de 'Animation'
c:\users\adrià gironès\desktop\0.9\enemy.h(8): warning C4099: 'Path': nombre de tipo visto anteriormente usando 'class' ahora se ve usando 'struct'
  c:\users\adrià gironès\desktop\0.9\path.h(17): note: vea la declaración de 'Path'
  Enemy_turret2.cpp
c:\users\adrià gironès\desktop\0.9\path.h(6): warning C4099: 'Animation': nombre de tipo visto anteriormente usando 'class' ahora se ve usando 'struct'
  c:\users\adrià gironès\desktop\0.9\animation.h(47): note: vea la declaración de 'Animation'
c:\users\adrià gironès\desktop\0.9\enemy.h(8): warning C4099: 'Path': nombre de tipo visto anteriormente usando 'class' ahora se ve usando 'struct'
  c:\users\adrià gironès\desktop\0.9\path.h(17): note: vea la declaración de 'Path'
c:\users\adrià gironès\desktop\0.9\enemy_turret2.cpp(287): warning C4244: 'inicializando': conversión de 'int' a 'float'; posible pérdida de datos
c:\users\adrià gironès\desktop\0.9\enemy_turret2.cpp(288): warning C4244: 'inicializando': conversión de 'int' a 'float'; posible pérdida de datos
c:\users\adrià gironès\desktop\0.9\enemy_turret2.cpp(295): warning C4244: '=': conversión de 'double' a 'float'; posible pérdida de datos
c:\users\adrià gironès\desktop\0.9\enemy_turret2.cpp(296): warning C4305: '*=': truncamiento de 'double' a 'float'
c:\users\adrià gironès\desktop\0.9\enemy_turret2.cpp(393): warning C4244: 'argumento': conversión de 'float' a 'int'; posible pérdida de datos
c:\users\adrià gironès\desktop\0.9\enemy_turret2.cpp(398): warning C4244: 'argumento': conversión de 'float' a 'int'; posible pérdida de datos
c:\users\adrià gironès\desktop\0.9\enemy_turret2.cpp(403): warning C4244: 'argumento': conversión de 'float' a 'int'; posible pérdida de datos
  Enemy_building2.cpp
c:\users\adrià gironès\desktop\0.9\path.h(6): warning C4099: 'Animation': nombre de tipo visto anteriormente usando 'class' ahora se ve usando 'struct'
  c:\users\adrià gironès\desktop\0.9\animation.h(47): note: vea la declaración de 'Animation'
c:\users\adrià gironès\desktop\0.9\enemy.h(8): warning C4099: 'Path': nombre de tipo visto anteriormente usando 'class' ahora se ve usando 'struct'
  c:\users\adrià gironès\desktop\0.9\path.h(17): note: vea la declaración de 'Path'
  Enemy_building.cpp
c:\users\adrià gironès\desktop\0.9\path.h(6): warning C4099: 'Animation': nombre de tipo visto anteriormente usando 'class' ahora se ve usando 'struct'
  c:\users\adrià gironès\desktop\0.9\animation.h(47): note: vea la declaración de 'Animation'
c:\users\adrià gironès\desktop\0.9\enemy.h(8): warning C4099: 'Path': nombre de tipo visto anteriormente usando 'class' ahora se ve usando 'struct'
  c:\users\adrià gironès\desktop\0.9\path.h(17): note: vea la declaración de 'Path'
  Enemy_Turret3.cpp
c:\users\adrià gironès\desktop\0.9\path.h(6): warning C4099: 'Animation': nombre de tipo visto anteriormente usando 'class' ahora se ve usando 'struct'
  c:\users\adrià gironès\desktop\0.9\animation.h(47): note: vea la declaración de 'Animation'
c:\users\adrià gironès\desktop\0.9\enemy.h(8): warning C4099: 'Path': nombre de tipo visto anteriormente usando 'class' ahora se ve usando 'struct'
  c:\users\adrià gironès\desktop\0.9\path.h(17): note: vea la declaración de 'Path'
c:\users\adrià gironès\desktop\0.9\enemy_turret3.cpp(103): warning C4244: 'inicializando': conversión de 'int' a 'float'; posible pérdida de datos
c:\users\adrià gironès\desktop\0.9\enemy_turret3.cpp(104): warning C4244: 'inicializando': conversión de 'int' a 'float'; posible pérdida de datos
c:\users\adrià gironès\desktop\0.9\enemy_turret3.cpp(109): warning C4244: '=': conversión de 'double' a 'float'; posible pérdida de datos
c:\users\adrià gironès\desktop\0.9\enemy_turret3.cpp(110): warning C4305: '*=': truncamiento de 'double' a 'float'
c:\users\adrià gironès\desktop\0.9\enemy_turret3.cpp(209): warning C4244: 'argumento': conversión de 'float' a 'int'; posible pérdida de datos
c:\users\adrià gironès\desktop\0.9\enemy_turret3.cpp(214): warning C4244: 'argumento': conversión de 'float' a 'int'; posible pérdida de datos
c:\users\adrià gironès\desktop\0.9\enemy_turret3.cpp(219): warning C4244: 'argumento': conversión de 'float' a 'int'; posible pérdida de datos
  Enemy_Turret.cpp
c:\users\adrià gironès\desktop\0.9\path.h(6): warning C4099: 'Animation': nombre de tipo visto anteriormente usando 'class' ahora se ve usando 'struct'
  c:\users\adrià gironès\desktop\0.9\animation.h(47): note: vea la declaración de 'Animation'
c:\users\adrià gironès\desktop\0.9\enemy.h(8): warning C4099: 'Path': nombre de tipo visto anteriormente usando 'class' ahora se ve usando 'struct'
  c:\users\adrià gironès\desktop\0.9\path.h(17): note: vea la declaración de 'Path'
c:\users\adrià gironès\desktop\0.9\enemy_turret.cpp(61): warning C4244: 'argumento': conversión de 'double' a 'int'; posible pérdida de datos
c:\users\adrià gironès\desktop\0.9\enemy_turret.cpp(62): warning C4244: 'argumento': conversión de 'double' a 'int'; posible pérdida de datos
c:\users\adrià gironès\desktop\0.9\enemy_turret.cpp(77): warning C4244: 'argumento': conversión de 'double' a 'int'; posible pérdida de datos
c:\users\adrià gironès\desktop\0.9\enemy_turret.cpp(78): warning C4244: 'argumento': conversión de 'double' a 'int'; posible pérdida de datos
c:\users\adrià gironès\desktop\0.9\enemy_turret.cpp(79): warning C4244: 'argumento': conversión de 'double' a 'int'; posible pérdida de datos
c:\users\adrià gironès\desktop\0.9\enemy_turret.cpp(80): warning C4244: 'argumento': conversión de 'double' a 'int'; posible pérdida de datos
  Enemy_Robot.cpp
c:\users\adrià gironès\desktop\0.9\path.h(6): warning C4099: 'Animation': nombre de tipo visto anteriormente usando 'class' ahora se ve usando 'struct'
  c:\users\adrià gironès\desktop\0.9\animation.h(47): note: vea la declaración de 'Animation'
c:\users\adrià gironès\desktop\0.9\enemy.h(8): warning C4099: 'Path': nombre de tipo visto anteriormente usando 'class' ahora se ve usando 'struct'
  c:\users\adrià gironès\desktop\0.9\path.h(17): note: vea la declaración de 'Path'
  Enemy_Rcannon.cpp
c:\users\adrià gironès\desktop\0.9\path.h(6): warning C4099: 'Animation': nombre de tipo visto anteriormente usando 'class' ahora se ve usando 'struct'
  c:\users\adrià gironès\desktop\0.9\animation.h(47): note: vea la declaración de 'Animation'
c:\users\adrià gironès\desktop\0.9\enemy.h(8): warning C4099: 'Path': nombre de tipo visto anteriormente usando 'class' ahora se ve usando 'struct'
  c:\users\adrià gironès\desktop\0.9\path.h(17): note: vea la declaración de 'Path'
c:\users\adrià gironès\desktop\0.9\enemy_rcannon.cpp(69): warning C4244: 'inicializando': conversión de 'int' a 'float'; posible pérdida de datos
c:\users\adrià gironès\desktop\0.9\enemy_rcannon.cpp(70): warning C4244: 'inicializando': conversión de 'int' a 'float'; posible pérdida de datos
c:\users\adrià gironès\desktop\0.9\enemy_rcannon.cpp(75): warning C4244: '=': conversión de 'double' a 'float'; posible pérdida de datos
c:\users\adrià gironès\desktop\0.9\enemy_rcannon.cpp(76): warning C4305: '*=': truncamiento de 'double' a 'float'
c:\users\adrià gironès\desktop\0.9\enemy_rcannon.cpp(176): warning C4244: 'argumento': conversión de 'float' a 'int'; posible pérdida de datos
c:\users\adrià gironès\desktop\0.9\enemy_rcannon.cpp(181): warning C4244: 'argumento': conversión de 'float' a 'int'; posible pérdida de datos
c:\users\adrià gironès\desktop\0.9\enemy_rcannon.cpp(186): warning C4244: 'argumento': conversión de 'float' a 'int'; posible pérdida de datos
  Enemy_Missile.cpp
c:\users\adrià gironès\desktop\0.9\path.h(6): warning C4099: 'Animation': nombre de tipo visto anteriormente usando 'class' ahora se ve usando 'struct'
  c:\users\adrià gironès\desktop\0.9\animation.h(47): note: vea la declaración de 'Animation'
c:\users\adrià gironès\desktop\0.9\enemy.h(8): warning C4099: 'Path': nombre de tipo visto anteriormente usando 'class' ahora se ve usando 'struct'
  c:\users\adrià gironès\desktop\0.9\path.h(17): note: vea la declaración de 'Path'
  Enemy_Drone.cpp
c:\users\adrià gironès\desktop\0.9\path.h(6): warning C4099: 'Animation': nombre de tipo visto anteriormente usando 'class' ahora se ve usando 'struct'
  c:\users\adrià gironès\desktop\0.9\animation.h(47): note: vea la declaración de 'Animation'
c:\users\adrià gironès\desktop\0.9\enemy.h(8): warning C4099: 'Path': nombre de tipo visto anteriormente usando 'class' ahora se ve usando 'struct'
  c:\users\adrià gironès\desktop\0.9\path.h(17): note: vea la declaración de 'Path'
  Enemy_Boss.cpp
c:\users\adrià gironès\desktop\0.9\path.h(6): warning C4099: 'Animation': nombre de tipo visto anteriormente usando 'class' ahora se ve usando 'struct'
  c:\users\adrià gironès\desktop\0.9\animation.h(47): note: vea la declaración de 'Animation'
c:\users\adrià gironès\desktop\0.9\enemy.h(8): warning C4099: 'Path': nombre de tipo visto anteriormente usando 'class' ahora se ve usando 'struct'
  c:\users\adrià gironès\desktop\0.9\path.h(17): note: vea la declaración de 'Path'
  Enemy_Balloon.cpp
c:\users\adrià gironès\desktop\0.9\path.h(6): warning C4099: 'Animation': nombre de tipo visto anteriormente usando 'class' ahora se ve usando 'struct'
  c:\users\adrià gironès\desktop\0.9\animation.h(47): note: vea la declaración de 'Animation'
c:\users\adrià gironès\desktop\0.9\enemy.h(8): warning C4099: 'Path': nombre de tipo visto anteriormente usando 'class' ahora se ve usando 'struct'
  c:\users\adrià gironès\desktop\0.9\path.h(17): note: vea la declaración de 'Path'
  Enemy.cpp
c:\users\adrià gironès\desktop\0.9\path.h(6): warning C4099: 'Animation': nombre de tipo visto anteriormente usando 'class' ahora se ve usando 'struct'
  c:\users\adrià gironès\desktop\0.9\animation.h(47): note: vea la declaración de 'Animation'
c:\users\adrià gironès\desktop\0.9\enemy.h(8): warning C4099: 'Path': nombre de tipo visto anteriormente usando 'class' ahora se ve usando 'struct'
  c:\users\adrià gironès\desktop\0.9\path.h(17): note: vea la declaración de 'Path'
  Coin.cpp
c:\users\adrià gironès\desktop\0.9\path.h(6): warning C4099: 'Animation': nombre de tipo visto anteriormente usando 'class' ahora se ve usando 'struct'
  c:\users\adrià gironès\desktop\0.9\animation.h(47): note: vea la declaración de 'Animation'
c:\users\adrià gironès\desktop\0.9\enemy.h(8): warning C4099: 'Path': nombre de tipo visto anteriormente usando 'class' ahora se ve usando 'struct'
  c:\users\adrià gironès\desktop\0.9\path.h(17): note: vea la declaración de 'Path'
  Character_YuanNang.cpp
c:\users\adrià gironès\desktop\0.9\path.h(6): warning C4099: 'Animation': nombre de tipo visto anteriormente usando 'class' ahora se ve usando 'struct'
  c:\users\adrià gironès\desktop\0.9\animation.h(47): note: vea la declaración de 'Animation'
  Character_Valnus.cpp
c:\users\adrià gironès\desktop\0.9\path.h(6): warning C4099: 'Animation': nombre de tipo visto anteriormente usando 'class' ahora se ve usando 'struct'
  c:\users\adrià gironès\desktop\0.9\animation.h(47): note: vea la declaración de 'Animation'
  Character_Tetsu.cpp
c:\users\adrià gironès\desktop\0.9\path.h(6): warning C4099: 'Animation': nombre de tipo visto anteriormente usando 'class' ahora se ve usando 'struct'
  c:\users\adrià gironès\desktop\0.9\animation.h(47): note: vea la declaración de 'Animation'
  Character_Marion.cpp
c:\users\adrià gironès\desktop\0.9\path.h(6): warning C4099: 'Animation': nombre de tipo visto anteriormente usando 'class' ahora se ve usando 'struct'
  c:\users\adrià gironès\desktop\0.9\animation.h(47): note: vea la declaración de 'Animation'
  Generando código...
  Compilando...
  Character_Kyoko.cpp
c:\users\adrià gironès\desktop\0.9\path.h(6): warning C4099: 'Animation': nombre de tipo visto anteriormente usando 'class' ahora se ve usando 'struct'
  c:\users\adrià gironès\desktop\0.9\animation.h(47): note: vea la declaración de 'Animation'
  Character_Ash.cpp
c:\users\adrià gironès\desktop\0.9\path.h(6): warning C4099: 'Animation': nombre de tipo visto anteriormente usando 'class' ahora se ve usando 'struct'
  c:\users\adrià gironès\desktop\0.9\animation.h(47): note: vea la declaración de 'Animation'
  Character.cpp
c:\users\adrià gironès\desktop\0.9\path.h(6): warning C4099: 'Animation': nombre de tipo visto anteriormente usando 'class' ahora se ve usando 'struct'
  c:\users\adrià gironès\desktop\0.9\animation.h(47): note: vea la declaración de 'Animation'
  Generando código...
  SDL Game.vcxproj -> C:\Users\Adrià Gironès\Desktop\0.9\Debug\Gunbird.exe
  SDL Game.vcxproj -> C:\Users\Adrià Gironès\Desktop\0.9\Debug\Gunbird.pdb (Full PDB)
