  ModuleWindow.cpp
  ModuleTitleScreen.cpp
c:\users\david\desktop\gunbird\sdl_gunbird_versions\0.425\moduletitlescreen.cpp(71): warning C4305: 'argumento': truncamiento de 'double' a 'float'
  ModuleTextures.cpp
  ModuleScoreScreen.cpp
  ModuleRender.cpp
  ModulePlayer2.cpp
c:\users\david\desktop\gunbird\sdl_gunbird_versions\0.425\moduleplayer2.cpp(68): warning C4244: '-=': conversión de 'double' a 'int'; posible pérdida de datos
  ModulePlayer.cpp
c:\users\david\desktop\gunbird\sdl_gunbird_versions\0.425\moduleplayer.cpp(91): warning C4244: '-=': conversión de 'double' a 'int'; posible pérdida de datos
  ModuleParticles.cpp
  ModuleInput.cpp
  ModuleFadeToBlack.cpp
  ModuleEnemies.cpp
  ModuleCollision.cpp
  ModuleBackgroundSea.cpp
c:\users\david\desktop\gunbird\sdl_gunbird_versions\0.425\modulebackgroundsea.cpp(93): warning C4244: '+=': conversión de 'double' a 'int'; posible pérdida de datos
  ModuleBackgroundMine.cpp
c:\users\david\desktop\gunbird\sdl_gunbird_versions\0.425\modulebackgroundmine.cpp(95): warning C4244: '+=': conversión de 'double' a 'int'; posible pérdida de datos
  ModuleBackgroundCastle.cpp
c:\users\david\desktop\gunbird\sdl_gunbird_versions\0.425\modulebackgroundcastle.cpp(90): warning C4244: '+=': conversión de 'double' a 'int'; posible pérdida de datos
  Main.cpp
  Globals.cpp
  Enemy_Balloon.cpp
  Enemy.cpp
  Application.cpp
  Generando código...
  SDL Game.vcxproj -> C:\Users\David\Desktop\Gunbird\SDL_Gunbird_Versions\0.425\Debug\Gunbird.exe
  SDL Game.vcxproj -> C:\Users\David\Desktop\Gunbird\SDL_Gunbird_Versions\0.425\Debug\Gunbird.pdb (Full PDB)
