  Application.cpp
c:\users\adrià gironès\desktop\0.5\Path.h(6): warning C4099: 'Animation': nombre de tipo visto anteriormente usando 'class' ahora se ve usando 'struct'
  c:\users\adrià gironès\desktop\0.5\Animation.h(47): note: vea la declaración de 'Animation'
c:\users\adrià gironès\desktop\0.5\Enemy.h(8): warning C4099: 'Path': nombre de tipo visto anteriormente usando 'class' ahora se ve usando 'struct'
  c:\users\adrià gironès\desktop\0.5\Path.h(17): note: vea la declaración de 'Path'
  ModuleBackgroundCastle.cpp
c:\users\adrià gironès\desktop\0.5\Path.h(6): warning C4099: 'Animation': nombre de tipo visto anteriormente usando 'class' ahora se ve usando 'struct'
  c:\users\adrià gironès\desktop\0.5\Animation.h(47): note: vea la declaración de 'Animation'
c:\users\adrià gironès\desktop\0.5\Enemy.h(8): warning C4099: 'Path': nombre de tipo visto anteriormente usando 'class' ahora se ve usando 'struct'
  c:\users\adrià gironès\desktop\0.5\Path.h(17): note: vea la declaración de 'Path'
ModuleBackgroundCastle.cpp(283): warning C4244: '=': conversión de 'int' a 'float'; posible pérdida de datos
ModuleBackgroundCastle.cpp(284): warning C4244: '=': conversión de 'int' a 'float'; posible pérdida de datos
ModuleBackgroundCastle.cpp(285): warning C4244: '=': conversión de 'double' a 'float'; posible pérdida de datos
  ModuleBackgroundMine.cpp
c:\users\adrià gironès\desktop\0.5\Path.h(6): warning C4099: 'Animation': nombre de tipo visto anteriormente usando 'class' ahora se ve usando 'struct'
  c:\users\adrià gironès\desktop\0.5\Animation.h(47): note: vea la declaración de 'Animation'
ModuleBackgroundMine.cpp(85): warning C4244: '+=': conversión de 'double' a 'int'; posible pérdida de datos
  ModuleBackgroundSea.cpp
c:\users\adrià gironès\desktop\0.5\Path.h(6): warning C4099: 'Animation': nombre de tipo visto anteriormente usando 'class' ahora se ve usando 'struct'
  c:\users\adrià gironès\desktop\0.5\Animation.h(47): note: vea la declaración de 'Animation'
c:\users\adrià gironès\desktop\0.5\Enemy.h(8): warning C4099: 'Path': nombre de tipo visto anteriormente usando 'class' ahora se ve usando 'struct'
  c:\users\adrià gironès\desktop\0.5\Path.h(17): note: vea la declaración de 'Path'
ModuleBackgroundSea.cpp(79): warning C4244: '+=': conversión de 'double' a 'int'; posible pérdida de datos
  ModuleCharacterSelection.cpp
c:\users\adrià gironès\desktop\0.5\Path.h(6): warning C4099: 'Animation': nombre de tipo visto anteriormente usando 'class' ahora se ve usando 'struct'
  c:\users\adrià gironès\desktop\0.5\Animation.h(47): note: vea la declaración de 'Animation'
c:\users\adrià gironès\desktop\0.5\Enemy.h(8): warning C4099: 'Path': nombre de tipo visto anteriormente usando 'class' ahora se ve usando 'struct'
  c:\users\adrià gironès\desktop\0.5\Path.h(17): note: vea la declaración de 'Path'
ModuleCharacterSelection.cpp(350): warning C4553: '==': el operador no tiene efecto; ¿ha pensado en '='?
ModuleCharacterSelection.cpp(368): warning C4553: '==': el operador no tiene efecto; ¿ha pensado en '='?
ModuleCharacterSelection.cpp(401): warning C4553: '==': el operador no tiene efecto; ¿ha pensado en '='?
ModuleCharacterSelection.cpp(419): warning C4553: '==': el operador no tiene efecto; ¿ha pensado en '='?
ModuleCharacterSelection.cpp(449): warning C4305: 'argumento': truncamiento de 'double' a 'float'
ModuleCharacterSelection.cpp(477): warning C4305: 'argumento': truncamiento de 'double' a 'float'
ModuleCharacterSelection.cpp(480): warning C4305: 'argumento': truncamiento de 'double' a 'float'
  ModuleEnemies.cpp
c:\users\adrià gironès\desktop\0.5\Path.h(6): warning C4099: 'Animation': nombre de tipo visto anteriormente usando 'class' ahora se ve usando 'struct'
  c:\users\adrià gironès\desktop\0.5\Animation.h(47): note: vea la declaración de 'Animation'
c:\users\adrià gironès\desktop\0.5\Enemy.h(8): warning C4099: 'Path': nombre de tipo visto anteriormente usando 'class' ahora se ve usando 'struct'
  c:\users\adrià gironès\desktop\0.5\Path.h(17): note: vea la declaración de 'Path'
  ModuleFonts.cpp
ModuleFonts.cpp(54): warning C4018: '<': no coinciden signed/unsigned
ModuleFonts.cpp(110): warning C4018: '<': no coinciden signed/unsigned
  ModuleParticles.cpp
  ModulePlayer.cpp
c:\users\adrià gironès\desktop\0.5\Path.h(6): warning C4099: 'Animation': nombre de tipo visto anteriormente usando 'class' ahora se ve usando 'struct'
  c:\users\adrià gironès\desktop\0.5\Animation.h(47): note: vea la declaración de 'Animation'
  ModuleScoreScreen.cpp
c:\users\adrià gironès\desktop\0.5\Path.h(6): warning C4099: 'Animation': nombre de tipo visto anteriormente usando 'class' ahora se ve usando 'struct'
  c:\users\adrià gironès\desktop\0.5\Animation.h(47): note: vea la declaración de 'Animation'
  ModuleTextures.cpp
  ModuleTitleScreen.cpp
c:\users\adrià gironès\desktop\0.5\Path.h(6): warning C4099: 'Animation': nombre de tipo visto anteriormente usando 'class' ahora se ve usando 'struct'
  c:\users\adrià gironès\desktop\0.5\Animation.h(47): note: vea la declaración de 'Animation'
ModuleTitleScreen.cpp(68): warning C4305: 'argumento': truncamiento de 'double' a 'float'
  ModuleUI.cpp
c:\users\adrià gironès\desktop\0.5\Path.h(6): warning C4099: 'Animation': nombre de tipo visto anteriormente usando 'class' ahora se ve usando 'struct'
  c:\users\adrià gironès\desktop\0.5\Animation.h(47): note: vea la declaración de 'Animation'
c:\users\adrià gironès\desktop\0.5\Enemy.h(8): warning C4099: 'Path': nombre de tipo visto anteriormente usando 'class' ahora se ve usando 'struct'
  c:\users\adrià gironès\desktop\0.5\Path.h(17): note: vea la declaración de 'Path'
ModuleUI.cpp(155): warning C4553: '==': el operador no tiene efecto; ¿ha pensado en '='?
  Generando código
  28 of 336 functions ( 8.3%) were compiled, the rest were copied from previous compilation.
    0 functions were new in current compilation
    0 functions had inline decision re-evaluated but remain unchanged
  Generación de código finalizada
  SDL Game.vcxproj -> C:\Users\Adrià Gironès\Desktop\0.5\Release\Gunbird.exe
  SDL Game.vcxproj -> C:\Users\Adrià Gironès\Desktop\0.5\Release\Gunbird.pdb (Full PDB)
