  Application.cpp
c:\users\davidvm12\desktop\0.5\Path.h(6): warning C4099: 'Animation': type name first seen using 'class' now seen using 'struct'
  c:\users\davidvm12\desktop\0.5\Animation.h(47): note: see declaration of 'Animation'
c:\users\davidvm12\desktop\0.5\Enemy.h(8): warning C4099: 'Path': type name first seen using 'class' now seen using 'struct'
  c:\users\davidvm12\desktop\0.5\Path.h(17): note: see declaration of 'Path'
  Character.cpp
c:\users\davidvm12\desktop\0.5\Path.h(6): warning C4099: 'Animation': type name first seen using 'class' now seen using 'struct'
  c:\users\davidvm12\desktop\0.5\Animation.h(47): note: see declaration of 'Animation'
  Character_Ash.cpp
c:\users\davidvm12\desktop\0.5\Path.h(6): warning C4099: 'Animation': type name first seen using 'class' now seen using 'struct'
  c:\users\davidvm12\desktop\0.5\Animation.h(47): note: see declaration of 'Animation'
  Character_Marion.cpp
c:\users\davidvm12\desktop\0.5\Path.h(6): warning C4099: 'Animation': type name first seen using 'class' now seen using 'struct'
  c:\users\davidvm12\desktop\0.5\Animation.h(47): note: see declaration of 'Animation'
  Character_Tetsu.cpp
c:\users\davidvm12\desktop\0.5\Path.h(6): warning C4099: 'Animation': type name first seen using 'class' now seen using 'struct'
  c:\users\davidvm12\desktop\0.5\Animation.h(47): note: see declaration of 'Animation'
  Character_Valnus.cpp
c:\users\davidvm12\desktop\0.5\Path.h(6): warning C4099: 'Animation': type name first seen using 'class' now seen using 'struct'
  c:\users\davidvm12\desktop\0.5\Animation.h(47): note: see declaration of 'Animation'
  Character_YuanNang.cpp
c:\users\davidvm12\desktop\0.5\Path.h(6): warning C4099: 'Animation': type name first seen using 'class' now seen using 'struct'
  c:\users\davidvm12\desktop\0.5\Animation.h(47): note: see declaration of 'Animation'
  ModuleBackgroundCastle.cpp
c:\users\davidvm12\desktop\0.5\Path.h(6): warning C4099: 'Animation': type name first seen using 'class' now seen using 'struct'
  c:\users\davidvm12\desktop\0.5\Animation.h(47): note: see declaration of 'Animation'
c:\users\davidvm12\desktop\0.5\Enemy.h(8): warning C4099: 'Path': type name first seen using 'class' now seen using 'struct'
  c:\users\davidvm12\desktop\0.5\Path.h(17): note: see declaration of 'Path'
ModuleBackgroundCastle.cpp(283): warning C4244: '=': conversion from 'int' to 'float', possible loss of data
ModuleBackgroundCastle.cpp(284): warning C4244: '=': conversion from 'int' to 'float', possible loss of data
ModuleBackgroundCastle.cpp(285): warning C4244: '=': conversion from 'double' to 'float', possible loss of data
  ModuleBackgroundMine.cpp
c:\users\davidvm12\desktop\0.5\Path.h(6): warning C4099: 'Animation': type name first seen using 'class' now seen using 'struct'
  c:\users\davidvm12\desktop\0.5\Animation.h(47): note: see declaration of 'Animation'
ModuleBackgroundMine.cpp(85): warning C4244: '+=': conversion from 'double' to 'int', possible loss of data
  ModuleBackgroundSea.cpp
c:\users\davidvm12\desktop\0.5\Path.h(6): warning C4099: 'Animation': type name first seen using 'class' now seen using 'struct'
  c:\users\davidvm12\desktop\0.5\Animation.h(47): note: see declaration of 'Animation'
c:\users\davidvm12\desktop\0.5\Enemy.h(8): warning C4099: 'Path': type name first seen using 'class' now seen using 'struct'
  c:\users\davidvm12\desktop\0.5\Path.h(17): note: see declaration of 'Path'
ModuleBackgroundSea.cpp(79): warning C4244: '+=': conversion from 'double' to 'int', possible loss of data
  ModuleCharacterSelection.cpp
c:\users\davidvm12\desktop\0.5\Path.h(6): warning C4099: 'Animation': type name first seen using 'class' now seen using 'struct'
  c:\users\davidvm12\desktop\0.5\Animation.h(47): note: see declaration of 'Animation'
c:\users\davidvm12\desktop\0.5\Enemy.h(8): warning C4099: 'Path': type name first seen using 'class' now seen using 'struct'
  c:\users\davidvm12\desktop\0.5\Path.h(17): note: see declaration of 'Path'
ModuleCharacterSelection.cpp(350): warning C4553: '==': operator has no effect; did you intend '='?
ModuleCharacterSelection.cpp(368): warning C4553: '==': operator has no effect; did you intend '='?
ModuleCharacterSelection.cpp(401): warning C4553: '==': operator has no effect; did you intend '='?
ModuleCharacterSelection.cpp(419): warning C4553: '==': operator has no effect; did you intend '='?
ModuleCharacterSelection.cpp(449): warning C4305: 'argument': truncation from 'double' to 'float'
ModuleCharacterSelection.cpp(477): warning C4305: 'argument': truncation from 'double' to 'float'
ModuleCharacterSelection.cpp(480): warning C4305: 'argument': truncation from 'double' to 'float'
  ModuleEnemies.cpp
c:\users\davidvm12\desktop\0.5\Path.h(6): warning C4099: 'Animation': type name first seen using 'class' now seen using 'struct'
  c:\users\davidvm12\desktop\0.5\Animation.h(47): note: see declaration of 'Animation'
c:\users\davidvm12\desktop\0.5\Enemy.h(8): warning C4099: 'Path': type name first seen using 'class' now seen using 'struct'
  c:\users\davidvm12\desktop\0.5\Path.h(17): note: see declaration of 'Path'
  ModulePlayer.cpp
c:\users\davidvm12\desktop\0.5\Path.h(6): warning C4099: 'Animation': type name first seen using 'class' now seen using 'struct'
  c:\users\davidvm12\desktop\0.5\Animation.h(47): note: see declaration of 'Animation'
  ModuleRender.cpp
c:\users\davidvm12\desktop\0.5\Path.h(6): warning C4099: 'Animation': type name first seen using 'class' now seen using 'struct'
  c:\users\davidvm12\desktop\0.5\Animation.h(47): note: see declaration of 'Animation'
  ModuleSaveScore.cpp
c:\users\davidvm12\desktop\0.5\Path.h(6): warning C4099: 'Animation': type name first seen using 'class' now seen using 'struct'
  c:\users\davidvm12\desktop\0.5\Animation.h(47): note: see declaration of 'Animation'
  ModuleScoreScreen.cpp
c:\users\davidvm12\desktop\0.5\Path.h(6): warning C4099: 'Animation': type name first seen using 'class' now seen using 'struct'
  c:\users\davidvm12\desktop\0.5\Animation.h(47): note: see declaration of 'Animation'
  ModuleTitleScreen.cpp
c:\users\davidvm12\desktop\0.5\Path.h(6): warning C4099: 'Animation': type name first seen using 'class' now seen using 'struct'
  c:\users\davidvm12\desktop\0.5\Animation.h(47): note: see declaration of 'Animation'
ModuleTitleScreen.cpp(68): warning C4305: 'argument': truncation from 'double' to 'float'
  ModuleUI.cpp
c:\users\davidvm12\desktop\0.5\Path.h(6): warning C4099: 'Animation': type name first seen using 'class' now seen using 'struct'
  c:\users\davidvm12\desktop\0.5\Animation.h(47): note: see declaration of 'Animation'
c:\users\davidvm12\desktop\0.5\Enemy.h(8): warning C4099: 'Path': type name first seen using 'class' now seen using 'struct'
  c:\users\davidvm12\desktop\0.5\Path.h(17): note: see declaration of 'Path'
ModuleUI.cpp(155): warning C4553: '==': operator has no effect; did you intend '='?
  Generating code
  2 of 336 functions ( 0.6%) were compiled, the rest were copied from previous compilation.
    0 functions were new in current compilation
    0 functions had inline decision re-evaluated but remain unchanged
  Finished generating code
  SDL Game.vcxproj -> C:\Users\davidvm12\Desktop\0.5\Release\Gunbird.exe
  SDL Game.vcxproj -> C:\Users\davidvm12\Desktop\0.5\Release\Gunbird.pdb (Full PDB)
